<?xml version="1.0" encoding="UTF-8"?>
<testsuite xmlns:xsi="http://www.w3.org/2001/XMLSchema-instance" xsi:noNamespaceSchemaLocation="https://maven.apache.org/surefire/maven-surefire-plugin/xsd/surefire-test-report.xsd" name="uk.ac.ed.inf.LngLatTests" time="0.021" tests="503" errors="0" skipped="0" failures="0">
  <properties>
[...]
</properties>
  <testcase name="regularRectInside[1]" classname="uk.ac.ed.inf.LngLatTests" time="0"/>
  <testcase name="regularRectInside[2]" classname="uk.ac.ed.inf.LngLatTests" time="0"/>
  <testcase name="regularRectInside[3]" classname="uk.ac.ed.inf.LngLatTests" time="0"/>
  <testcase name="regularRectInside[4]" classname="uk.ac.ed.inf.LngLatTests" time="0"/>
  <testcase name="regularRectInside[5]" classname="uk.ac.ed.inf.LngLatTests" time="0"/>
  <testcase name="regularRectInside[6]" classname="uk.ac.ed.inf.LngLatTests" time="0"/>
  <testcase name="regularRectInside[7]" classname="uk.ac.ed.inf.LngLatTests" time="0"/>
  <testcase name="regularRectInside[8]" classname="uk.ac.ed.inf.LngLatTests" time="0"/>
  <testcase name="regularRectInside[9]" classname="uk.ac.ed.inf.LngLatTests" time="0"/>
  <testcase name="regularRectInside[10]" classname="uk.ac.ed.inf.LngLatTests" time="0"/>
  <testcase name="regularRectInside[11]" classname="uk.ac.ed.inf.LngLatTests" time="0"/>
  <testcase name="regularRectInside[12]" classname="uk.ac.ed.inf.LngLatTests" time="0.001"/>
  <testcase name="regularRectInside[13]" classname="uk.ac.ed.inf.LngLatTests" time="0"/>
  <testcase name="regularRectInside[14]" classname="uk.ac.ed.inf.LngLatTests" time="0"/>
  <testcase name="regularRectInside[15]" classname="uk.ac.ed.inf.LngLatTests" time="0"/>
  <testcase name="regularRectInside[16]" classname="uk.ac.ed.inf.LngLatTests" time="0"/>
  <testcase name="regularRectInside[17]" classname="uk.ac.ed.inf.LngLatTests" time="0"/>
  <testcase name="regularRectInside[18]" classname="uk.ac.ed.inf.LngLatTests" time="0"/>
  <testcase name="regularRectInside[19]" classname="uk.ac.ed.inf.LngLatTests" time="0"/>
  <testcase name="regularRectInside[20]" classname="uk.ac.ed.inf.LngLatTests" time="0"/>
  <testcase name="regularRectInside[21]" classname="uk.ac.ed.inf.LngLatTests" time="0"/>
  <testcase name="regularRectInside[22]" classname="uk.ac.ed.inf.LngLatTests" time="0"/>
  <testcase name="regularRectInside[23]" classname="uk.ac.ed.inf.LngLatTests" time="0"/>
  <testcase name="regularRectInside[24]" classname="uk.ac.ed.inf.LngLatTests" time="0"/>
  <testcase name="regularRectInside[25]" classname="uk.ac.ed.inf.LngLatTests" time="0"/>
  <testcase name="regularRectInside[26]" classname="uk.ac.ed.inf.LngLatTests" time="0"/>
  <testcase name="regularRectInside[27]" classname="uk.ac.ed.inf.LngLatTests" time="0"/>
  <testcase name="regularRectInside[28]" classname="uk.ac.ed.inf.LngLatTests" time="0"/>
  <testcase name="regularRectInside[29]" classname="uk.ac.ed.inf.LngLatTests" time="0"/>
  <testcase name="regularRectInside[30]" classname="uk.ac.ed.inf.LngLatTests" time="0"/>
  <testcase name="regularRectInside[31]" classname="uk.ac.ed.inf.LngLatTests" time="0"/>
  <testcase name="regularRectInside[32]" classname="uk.ac.ed.inf.LngLatTests" time="0"/>
  <testcase name="regularRectInside[33]" classname="uk.ac.ed.inf.LngLatTests" time="0"/>
  <testcase name="regularRectInside[34]" classname="uk.ac.ed.inf.LngLatTests" time="0"/>
  <testcase name="regularRectInside[35]" classname="uk.ac.ed.inf.LngLatTests" time="0"/>
  <testcase name="regularRectInside[36]" classname="uk.ac.ed.inf.LngLatTests" time="0"/>
  <testcase name="regularRectInside[37]" classname="uk.ac.ed.inf.LngLatTests" time="0"/>
  <testcase name="regularRectInside[38]" classname="uk.ac.ed.inf.LngLatTests" time="0"/>
  <testcase name="regularRectInside[39]" classname="uk.ac.ed.inf.LngLatTests" time="0"/>
  <testcase name="regularRectInside[40]" classname="uk.ac.ed.inf.LngLatTests" time="0"/>
  <testcase name="regularRectInside[41]" classname="uk.ac.ed.inf.LngLatTests" time="0"/>
  <testcase name="regularRectInside[42]" classname="uk.ac.ed.inf.LngLatTests" time="0"/>
  <testcase name="regularRectInside[43]" classname="uk.ac.ed.inf.LngLatTests" time="0"/>
  <testcase name="regularRectInside[44]" classname="uk.ac.ed.inf.LngLatTests" time="0"/>
  <testcase name="regularRectInside[45]" classname="uk.ac.ed.inf.LngLatTests" time="0"/>
  <testcase name="regularRectInside[46]" classname="uk.ac.ed.inf.LngLatTests" time="0"/>
  <testcase name="regularRectInside[47]" classname="uk.ac.ed.inf.LngLatTests" time="0"/>
  <testcase name="regularRectInside[48]" classname="uk.ac.ed.inf.LngLatTests" time="0"/>
  <testcase name="regularRectInside[49]" classname="uk.ac.ed.inf.LngLatTests" time="0"/>
  <testcase name="regularRectInside[50]" classname="uk.ac.ed.inf.LngLatTests" time="0"/>
  <testcase name="regularRectInside[51]" classname="uk.ac.ed.inf.LngLatTests" time="0"/>
  <testcase name="regularRectInside[52]" classname="uk.ac.ed.inf.LngLatTests" time="0"/>
  <testcase name="regularRectInside[53]" classname="uk.ac.ed.inf.LngLatTests" time="0"/>
  <testcase name="regularRectInside[54]" classname="uk.ac.ed.inf.LngLatTests" time="0"/>
  <testcase name="regularRectInside[55]" classname="uk.ac.ed.inf.LngLatTests" time="0"/>
  <testcase name="regularRectInside[56]" classname="uk.ac.ed.inf.LngLatTests" time="0"/>
  <testcase name="regularRectInside[57]" classname="uk.ac.ed.inf.LngLatTests" time="0"/>
  <testcase name="regularRectInside[58]" classname="uk.ac.ed.inf.LngLatTests" time="0"/>
  <testcase name="regularRectInside[59]" classname="uk.ac.ed.inf.LngLatTests" time="0"/>
  <testcase name="regularRectInside[60]" classname="uk.ac.ed.inf.LngLatTests" time="0"/>
  <testcase name="regularRectInside[61]" classname="uk.ac.ed.inf.LngLatTests" time="0"/>
  <testcase name="regularRectInside[62]" classname="uk.ac.ed.inf.LngLatTests" time="0"/>
  <testcase name="regularRectInside[63]" classname="uk.ac.ed.inf.LngLatTests" time="0"/>
  <testcase name="regularRectInside[64]" classname="uk.ac.ed.inf.LngLatTests" time="0"/>
  <testcase name="regularRectInside[65]" classname="uk.ac.ed.inf.LngLatTests" time="0"/>
  <testcase name="regularRectInside[66]" classname="uk.ac.ed.inf.LngLatTests" time="0"/>
  <testcase name="regularRectInside[67]" classname="uk.ac.ed.inf.LngLatTests" time="0"/>
  <testcase name="regularRectInside[68]" classname="uk.ac.ed.inf.LngLatTests" time="0"/>
  <testcase name="regularRectInside[69]" classname="uk.ac.ed.inf.LngLatTests" time="0"/>
  <testcase name="regularRectInside[70]" classname="uk.ac.ed.inf.LngLatTests" time="0"/>
  <testcase name="regularRectInside[71]" classname="uk.ac.ed.inf.LngLatTests" time="0"/>
  <testcase name="regularRectInside[72]" classname="uk.ac.ed.inf.LngLatTests" time="0"/>
  <testcase name="regularRectInside[73]" classname="uk.ac.ed.inf.LngLatTests" time="0"/>
  <testcase name="regularRectInside[74]" classname="uk.ac.ed.inf.LngLatTests" time="0"/>
  <testcase name="regularRectInside[75]" classname="uk.ac.ed.inf.LngLatTests" time="0"/>
  <testcase name="regularRectInside[76]" classname="uk.ac.ed.inf.LngLatTests" time="0"/>
  <testcase name="regularRectInside[77]" classname="uk.ac.ed.inf.LngLatTests" time="0"/>
  <testcase name="regularRectInside[78]" classname="uk.ac.ed.inf.LngLatTests" time="0"/>
  <testcase name="regularRectInside[79]" classname="uk.ac.ed.inf.LngLatTests" time="0"/>
  <testcase name="regularRectInside[80]" classname="uk.ac.ed.inf.LngLatTests" time="0"/>
  <testcase name="regularRectInside[81]" classname="uk.ac.ed.inf.LngLatTests" time="0"/>
  <testcase name="regularRectInside[82]" classname="uk.ac.ed.inf.LngLatTests" time="0"/>
  <testcase name="regularRectInside[83]" classname="uk.ac.ed.inf.LngLatTests" time="0"/>
  <testcase name="regularRectInside[84]" classname="uk.ac.ed.inf.LngLatTests" time="0"/>
  <testcase name="regularRectInside[85]" classname="uk.ac.ed.inf.LngLatTests" time="0"/>
  <testcase name="regularRectInside[86]" classname="uk.ac.ed.inf.LngLatTests" time="0"/>
  <testcase name="regularRectInside[87]" classname="uk.ac.ed.inf.LngLatTests" time="0"/>
  <testcase name="regularRectInside[88]" classname="uk.ac.ed.inf.LngLatTests" time="0"/>
  <testcase name="regularRectInside[89]" classname="uk.ac.ed.inf.LngLatTests" time="0"/>
  <testcase name="regularRectInside[90]" classname="uk.ac.ed.inf.LngLatTests" time="0"/>
  <testcase name="regularRectInside[91]" classname="uk.ac.ed.inf.LngLatTests" time="0"/>
  <testcase name="regularRectInside[92]" classname="uk.ac.ed.inf.LngLatTests" time="0"/>
  <testcase name="regularRectInside[93]" classname="uk.ac.ed.inf.LngLatTests" time="0"/>
  <testcase name="regularRectInside[94]" classname="uk.ac.ed.inf.LngLatTests" time="0"/>
  <testcase name="regularRectInside[95]" classname="uk.ac.ed.inf.LngLatTests" time="0"/>
  <testcase name="regularRectInside[96]" classname="uk.ac.ed.inf.LngLatTests" time="0"/>
  <testcase name="regularRectInside[97]" classname="uk.ac.ed.inf.LngLatTests" time="0"/>
  <testcase name="regularRectInside[98]" classname="uk.ac.ed.inf.LngLatTests" time="0"/>
  <testcase name="regularRectInside[99]" classname="uk.ac.ed.inf.LngLatTests" time="0"/>
  <testcase name="regularRectInside[100]" classname="uk.ac.ed.inf.LngLatTests" time="0"/>
  <testcase name="distanceCorrect" classname="uk.ac.ed.inf.LngLatTests" time="0"/>
  <testcase name="flying[1]" classname="uk.ac.ed.inf.LngLatTests" time="0"/>
  <testcase name="flying[2]" classname="uk.ac.ed.inf.LngLatTests" time="0"/>
  <testcase name="flying[3]" classname="uk.ac.ed.inf.LngLatTests" time="0"/>
  <testcase name="flying[4]" classname="uk.ac.ed.inf.LngLatTests" time="0"/>
  <testcase name="flying[5]" classname="uk.ac.ed.inf.LngLatTests" time="0.001"/>
  <testcase name="flying[6]" classname="uk.ac.ed.inf.LngLatTests" time="0"/>
  <testcase name="flying[7]" classname="uk.ac.ed.inf.LngLatTests" time="0"/>
  <testcase name="flying[8]" classname="uk.ac.ed.inf.LngLatTests" time="0"/>
  <testcase name="flying[9]" classname="uk.ac.ed.inf.LngLatTests" time="0"/>
  <testcase name="flying[10]" classname="uk.ac.ed.inf.LngLatTests" time="0.001"/>
  <testcase name="flying[11]" classname="uk.ac.ed.inf.LngLatTests" time="0"/>
  <testcase name="flying[12]" classname="uk.ac.ed.inf.LngLatTests" time="0"/>
  <testcase name="flying[13]" classname="uk.ac.ed.inf.LngLatTests" time="0"/>
  <testcase name="flying[14]" classname="uk.ac.ed.inf.LngLatTests" time="0"/>
  <testcase name="flying[15]" classname="uk.ac.ed.inf.LngLatTests" time="0.001"/>
  <testcase name="flying[16]" classname="uk.ac.ed.inf.LngLatTests" time="0"/>
  <testcase name="flying[17]" classname="uk.ac.ed.inf.LngLatTests" time="0"/>
  <testcase name="flying[18]" classname="uk.ac.ed.inf.LngLatTests" time="0"/>
  <testcase name="flying[19]" classname="uk.ac.ed.inf.LngLatTests" time="0"/>
  <testcase name="flying[20]" classname="uk.ac.ed.inf.LngLatTests" time="0"/>
  <testcase name="flying[21]" classname="uk.ac.ed.inf.LngLatTests" time="0.001"/>
  <testcase name="flying[22]" classname="uk.ac.ed.inf.LngLatTests" time="0"/>
  <testcase name="flying[23]" classname="uk.ac.ed.inf.LngLatTests" time="0"/>
  <testcase name="flying[24]" classname="uk.ac.ed.inf.LngLatTests" time="0"/>
  <testcase name="flying[25]" classname="uk.ac.ed.inf.LngLatTests" time="0"/>
  <testcase name="flying[26]" classname="uk.ac.ed.inf.LngLatTests" time="0"/>
  <testcase name="flying[27]" classname="uk.ac.ed.inf.LngLatTests" time="0.001"/>
  <testcase name="flying[28]" classname="uk.ac.ed.inf.LngLatTests" time="0"/>
  <testcase name="flying[29]" classname="uk.ac.ed.inf.LngLatTests" time="0"/>
  <testcase name="flying[30]" classname="uk.ac.ed.inf.LngLatTests" time="0"/>
  <testcase name="flying[31]" classname="uk.ac.ed.inf.LngLatTests" time="0"/>
  <testcase name="flying[32]" classname="uk.ac.ed.inf.LngLatTests" time="0"/>
  <testcase name="flying[33]" classname="uk.ac.ed.inf.LngLatTests" time="0.001"/>
  <testcase name="flying[34]" classname="uk.ac.ed.inf.LngLatTests" time="0"/>
  <testcase name="flying[35]" classname="uk.ac.ed.inf.LngLatTests" time="0"/>
  <testcase name="flying[36]" classname="uk.ac.ed.inf.LngLatTests" time="0"/>
  <testcase name="flying[37]" classname="uk.ac.ed.inf.LngLatTests" time="0"/>
  <testcase name="flying[38]" classname="uk.ac.ed.inf.LngLatTests" time="0"/>
  <testcase name="flying[39]" classname="uk.ac.ed.inf.LngLatTests" time="0.001"/>
  <testcase name="flying[40]" classname="uk.ac.ed.inf.LngLatTests" time="0"/>
  <testcase name="flying[41]" classname="uk.ac.ed.inf.LngLatTests" time="0"/>
  <testcase name="flying[42]" classname="uk.ac.ed.inf.LngLatTests" time="0"/>
  <testcase name="flying[43]" classname="uk.ac.ed.inf.LngLatTests" time="0"/>
  <testcase name="flying[44]" classname="uk.ac.ed.inf.LngLatTests" time="0"/>
  <testcase name="flying[45]" classname="uk.ac.ed.inf.LngLatTests" time="0.001"/>
  <testcase name="flying[46]" classname="uk.ac.ed.inf.LngLatTests" time="0"/>
  <testcase name="flying[47]" classname="uk.ac.ed.inf.LngLatTests" time="0"/>
  <testcase name="flying[48]" classname="uk.ac.ed.inf.LngLatTests" time="0"/>
  <testcase name="flying[49]" classname="uk.ac.ed.inf.LngLatTests" time="0"/>
  <testcase name="flying[50]" classname="uk.ac.ed.inf.LngLatTests" time="0"/>
  <testcase name="flying[51]" classname="uk.ac.ed.inf.LngLatTests" time="0.001"/>
  <testcase name="flying[52]" classname="uk.ac.ed.inf.LngLatTests" time="0"/>
  <testcase name="flying[53]" classname="uk.ac.ed.inf.LngLatTests" time="0"/>
  <testcase name="flying[54]" classname="uk.ac.ed.inf.LngLatTests" time="0"/>
  <testcase name="flying[55]" classname="uk.ac.ed.inf.LngLatTests" time="0"/>
  <testcase name="flying[56]" classname="uk.ac.ed.inf.LngLatTests" time="0"/>
  <testcase name="flying[57]" classname="uk.ac.ed.inf.LngLatTests" time="0.001"/>
  <testcase name="flying[58]" classname="uk.ac.ed.inf.LngLatTests" time="0"/>
  <testcase name="flying[59]" classname="uk.ac.ed.inf.LngLatTests" time="0"/>
  <testcase name="flying[60]" classname="uk.ac.ed.inf.LngLatTests" time="0"/>
  <testcase name="flying[61]" classname="uk.ac.ed.inf.LngLatTests" time="0"/>
  <testcase name="flying[62]" classname="uk.ac.ed.inf.LngLatTests" time="0"/>
  <testcase name="flying[63]" classname="uk.ac.ed.inf.LngLatTests" time="0.001"/>
  <testcase name="flying[64]" classname="uk.ac.ed.inf.LngLatTests" time="0"/>
  <testcase name="flying[65]" classname="uk.ac.ed.inf.LngLatTests" time="0"/>
  <testcase name="flying[66]" classname="uk.ac.ed.inf.LngLatTests" time="0"/>
  <testcase name="flying[67]" classname="uk.ac.ed.inf.LngLatTests" time="0"/>
  <testcase name="flying[68]" classname="uk.ac.ed.inf.LngLatTests" time="0"/>
  <testcase name="flying[69]" classname="uk.ac.ed.inf.LngLatTests" time="0"/>
  <testcase name="flying[70]" classname="uk.ac.ed.inf.LngLatTests" time="0.001"/>
  <testcase name="flying[71]" classname="uk.ac.ed.inf.LngLatTests" time="0"/>
  <testcase name="flying[72]" classname="uk.ac.ed.inf.LngLatTests" time="0"/>
  <testcase name="flying[73]" classname="uk.ac.ed.inf.LngLatTests" time="0"/>
  <testcase name="flying[74]" classname="uk.ac.ed.inf.LngLatTests" time="0"/>
  <testcase name="flying[75]" classname="uk.ac.ed.inf.LngLatTests" time="0"/>
  <testcase name="flying[76]" classname="uk.ac.ed.inf.LngLatTests" time="0.001"/>
  <testcase name="flying[77]" classname="uk.ac.ed.inf.LngLatTests" time="0"/>
  <testcase name="flying[78]" classname="uk.ac.ed.inf.LngLatTests" time="0"/>
  <testcase name="flying[79]" classname="uk.ac.ed.inf.LngLatTests" time="0"/>
  <testcase name="flying[80]" classname="uk.ac.ed.inf.LngLatTests" time="0"/>
  <testcase name="flying[81]" classname="uk.ac.ed.inf.LngLatTests" time="0.001"/>
  <testcase name="flying[82]" classname="uk.ac.ed.inf.LngLatTests" time="0"/>
  <testcase name="flying[83]" classname="uk.ac.ed.inf.LngLatTests" time="0"/>
  <testcase name="flying[84]" classname="uk.ac.ed.inf.LngLatTests" time="0"/>
  <testcase name="flying[85]" classname="uk.ac.ed.inf.LngLatTests" time="0"/>
  <testcase name="flying[86]" classname="uk.ac.ed.inf.LngLatTests" time="0"/>
  <testcase name="flying[87]" classname="uk.ac.ed.inf.LngLatTests" time="0.001"/>
  <testcase name="flying[88]" classname="uk.ac.ed.inf.LngLatTests" time="0"/>
  <testcase name="flying[89]" classname="uk.ac.ed.inf.LngLatTests" time="0"/>
  <testcase name="flying[90]" classname="uk.ac.ed.inf.LngLatTests" time="0"/>
  <testcase name="flying[91]" classname="uk.ac.ed.inf.LngLatTests" time="0"/>
  <testcase name="flying[92]" classname="uk.ac.ed.inf.LngLatTests" time="0"/>
  <testcase name="flying[93]" classname="uk.ac.ed.inf.LngLatTests" time="0.001"/>
  <testcase name="flying[94]" classname="uk.ac.ed.inf.LngLatTests" time="0"/>
  <testcase name="flying[95]" classname="uk.ac.ed.inf.LngLatTests" time="0"/>
  <testcase name="flying[96]" classname="uk.ac.ed.inf.LngLatTests" time="0"/>
  <testcase name="flying[97]" classname="uk.ac.ed.inf.LngLatTests" time="0"/>
  <testcase name="flying[98]" classname="uk.ac.ed.inf.LngLatTests" time="0"/>
  <testcase name="flying[99]" classname="uk.ac.ed.inf.LngLatTests" time="0.001"/>
  <testcase name="flying[100]" classname="uk.ac.ed.inf.LngLatTests" time="0"/>
  <testcase name="regularRectOutside[1]" classname="uk.ac.ed.inf.LngLatTests" time="0"/>
  <testcase name="regularRectOutside[2]" classname="uk.ac.ed.inf.LngLatTests" time="0"/>
  <testcase name="regularRectOutside[3]" classname="uk.ac.ed.inf.LngLatTests" time="0"/>
  <testcase name="regularRectOutside[4]" classname="uk.ac.ed.inf.LngLatTests" time="0"/>
  <testcase name="regularRectOutside[5]" classname="uk.ac.ed.inf.LngLatTests" time="0"/>
  <testcase name="regularRectOutside[6]" classname="uk.ac.ed.inf.LngLatTests" time="0"/>
  <testcase name="regularRectOutside[7]" classname="uk.ac.ed.inf.LngLatTests" time="0"/>
  <testcase name="regularRectOutside[8]" classname="uk.ac.ed.inf.LngLatTests" time="0"/>
  <testcase name="regularRectOutside[9]" classname="uk.ac.ed.inf.LngLatTests" time="0"/>
  <testcase name="regularRectOutside[10]" classname="uk.ac.ed.inf.LngLatTests" time="0"/>
  <testcase name="regularRectOutside[11]" classname="uk.ac.ed.inf.LngLatTests" time="0"/>
  <testcase name="regularRectOutside[12]" classname="uk.ac.ed.inf.LngLatTests" time="0"/>
  <testcase name="regularRectOutside[13]" classname="uk.ac.ed.inf.LngLatTests" time="0"/>
  <testcase name="regularRectOutside[14]" classname="uk.ac.ed.inf.LngLatTests" time="0"/>
  <testcase name="regularRectOutside[15]" classname="uk.ac.ed.inf.LngLatTests" time="0"/>
  <testcase name="regularRectOutside[16]" classname="uk.ac.ed.inf.LngLatTests" time="0"/>
  <testcase name="regularRectOutside[17]" classname="uk.ac.ed.inf.LngLatTests" time="0"/>
  <testcase name="regularRectOutside[18]" classname="uk.ac.ed.inf.LngLatTests" time="0"/>
  <testcase name="regularRectOutside[19]" classname="uk.ac.ed.inf.LngLatTests" time="0"/>
  <testcase name="regularRectOutside[20]" classname="uk.ac.ed.inf.LngLatTests" time="0"/>
  <testcase name="regularRectOutside[21]" classname="uk.ac.ed.inf.LngLatTests" time="0"/>
  <testcase name="regularRectOutside[22]" classname="uk.ac.ed.inf.LngLatTests" time="0"/>
  <testcase name="regularRectOutside[23]" classname="uk.ac.ed.inf.LngLatTests" time="0"/>
  <testcase name="regularRectOutside[24]" classname="uk.ac.ed.inf.LngLatTests" time="0"/>
  <testcase name="regularRectOutside[25]" classname="uk.ac.ed.inf.LngLatTests" time="0"/>
  <testcase name="regularRectOutside[26]" classname="uk.ac.ed.inf.LngLatTests" time="0"/>
  <testcase name="regularRectOutside[27]" classname="uk.ac.ed.inf.LngLatTests" time="0"/>
  <testcase name="regularRectOutside[28]" classname="uk.ac.ed.inf.LngLatTests" time="0"/>
  <testcase name="regularRectOutside[29]" classname="uk.ac.ed.inf.LngLatTests" time="0"/>
  <testcase name="regularRectOutside[30]" classname="uk.ac.ed.inf.LngLatTests" time="0"/>
  <testcase name="regularRectOutside[31]" classname="uk.ac.ed.inf.LngLatTests" time="0"/>
  <testcase name="regularRectOutside[32]" classname="uk.ac.ed.inf.LngLatTests" time="0"/>
  <testcase name="regularRectOutside[33]" classname="uk.ac.ed.inf.LngLatTests" time="0"/>
  <testcase name="regularRectOutside[34]" classname="uk.ac.ed.inf.LngLatTests" time="0"/>
  <testcase name="regularRectOutside[35]" classname="uk.ac.ed.inf.LngLatTests" time="0"/>
  <testcase name="regularRectOutside[36]" classname="uk.ac.ed.inf.LngLatTests" time="0"/>
  <testcase name="regularRectOutside[37]" classname="uk.ac.ed.inf.LngLatTests" time="0"/>
  <testcase name="regularRectOutside[38]" classname="uk.ac.ed.inf.LngLatTests" time="0"/>
  <testcase name="regularRectOutside[39]" classname="uk.ac.ed.inf.LngLatTests" time="0"/>
  <testcase name="regularRectOutside[40]" classname="uk.ac.ed.inf.LngLatTests" time="0"/>
  <testcase name="regularRectOutside[41]" classname="uk.ac.ed.inf.LngLatTests" time="0"/>
  <testcase name="regularRectOutside[42]" classname="uk.ac.ed.inf.LngLatTests" time="0"/>
  <testcase name="regularRectOutside[43]" classname="uk.ac.ed.inf.LngLatTests" time="0"/>
  <testcase name="regularRectOutside[44]" classname="uk.ac.ed.inf.LngLatTests" time="0"/>
  <testcase name="regularRectOutside[45]" classname="uk.ac.ed.inf.LngLatTests" time="0"/>
  <testcase name="regularRectOutside[46]" classname="uk.ac.ed.inf.LngLatTests" time="0"/>
  <testcase name="regularRectOutside[47]" classname="uk.ac.ed.inf.LngLatTests" time="0"/>
  <testcase name="regularRectOutside[48]" classname="uk.ac.ed.inf.LngLatTests" time="0"/>
  <testcase name="regularRectOutside[49]" classname="uk.ac.ed.inf.LngLatTests" time="0"/>
  <testcase name="regularRectOutside[50]" classname="uk.ac.ed.inf.LngLatTests" time="0"/>
  <testcase name="regularRectOutside[51]" classname="uk.ac.ed.inf.LngLatTests" time="0"/>
  <testcase name="regularRectOutside[52]" classname="uk.ac.ed.inf.LngLatTests" time="0"/>
  <testcase name="regularRectOutside[53]" classname="uk.ac.ed.inf.LngLatTests" time="0"/>
  <testcase name="regularRectOutside[54]" classname="uk.ac.ed.inf.LngLatTests" time="0"/>
  <testcase name="regularRectOutside[55]" classname="uk.ac.ed.inf.LngLatTests" time="0"/>
  <testcase name="regularRectOutside[56]" classname="uk.ac.ed.inf.LngLatTests" time="0"/>
  <testcase name="regularRectOutside[57]" classname="uk.ac.ed.inf.LngLatTests" time="0"/>
  <testcase name="regularRectOutside[58]" classname="uk.ac.ed.inf.LngLatTests" time="0"/>
  <testcase name="regularRectOutside[59]" classname="uk.ac.ed.inf.LngLatTests" time="0"/>
  <testcase name="regularRectOutside[60]" classname="uk.ac.ed.inf.LngLatTests" time="0"/>
  <testcase name="regularRectOutside[61]" classname="uk.ac.ed.inf.LngLatTests" time="0"/>
  <testcase name="regularRectOutside[62]" classname="uk.ac.ed.inf.LngLatTests" time="0"/>
  <testcase name="regularRectOutside[63]" classname="uk.ac.ed.inf.LngLatTests" time="0"/>
  <testcase name="regularRectOutside[64]" classname="uk.ac.ed.inf.LngLatTests" time="0"/>
  <testcase name="regularRectOutside[65]" classname="uk.ac.ed.inf.LngLatTests" time="0"/>
  <testcase name="regularRectOutside[66]" classname="uk.ac.ed.inf.LngLatTests" time="0"/>
  <testcase name="regularRectOutside[67]" classname="uk.ac.ed.inf.LngLatTests" time="0"/>
  <testcase name="regularRectOutside[68]" classname="uk.ac.ed.inf.LngLatTests" time="0"/>
  <testcase name="regularRectOutside[69]" classname="uk.ac.ed.inf.LngLatTests" time="0"/>
  <testcase name="regularRectOutside[70]" classname="uk.ac.ed.inf.LngLatTests" time="0"/>
  <testcase name="regularRectOutside[71]" classname="uk.ac.ed.inf.LngLatTests" time="0"/>
  <testcase name="regularRectOutside[72]" classname="uk.ac.ed.inf.LngLatTests" time="0"/>
  <testcase name="regularRectOutside[73]" classname="uk.ac.ed.inf.LngLatTests" time="0"/>
  <testcase name="regularRectOutside[74]" classname="uk.ac.ed.inf.LngLatTests" time="0"/>
  <testcase name="regularRectOutside[75]" classname="uk.ac.ed.inf.LngLatTests" time="0"/>
  <testcase name="regularRectOutside[76]" classname="uk.ac.ed.inf.LngLatTests" time="0"/>
  <testcase name="regularRectOutside[77]" classname="uk.ac.ed.inf.LngLatTests" time="0"/>
  <testcase name="regularRectOutside[78]" classname="uk.ac.ed.inf.LngLatTests" time="0"/>
  <testcase name="regularRectOutside[79]" classname="uk.ac.ed.inf.LngLatTests" time="0"/>
  <testcase name="regularRectOutside[80]" classname="uk.ac.ed.inf.LngLatTests" time="0"/>
  <testcase name="regularRectOutside[81]" classname="uk.ac.ed.inf.LngLatTests" time="0"/>
  <testcase name="regularRectOutside[82]" classname="uk.ac.ed.inf.LngLatTests" time="0"/>
  <testcase name="regularRectOutside[83]" classname="uk.ac.ed.inf.LngLatTests" time="0"/>
  <testcase name="regularRectOutside[84]" classname="uk.ac.ed.inf.LngLatTests" time="0"/>
  <testcase name="regularRectOutside[85]" classname="uk.ac.ed.inf.LngLatTests" time="0"/>
  <testcase name="regularRectOutside[86]" classname="uk.ac.ed.inf.LngLatTests" time="0"/>
  <testcase name="regularRectOutside[87]" classname="uk.ac.ed.inf.LngLatTests" time="0"/>
  <testcase name="regularRectOutside[88]" classname="uk.ac.ed.inf.LngLatTests" time="0"/>
  <testcase name="regularRectOutside[89]" classname="uk.ac.ed.inf.LngLatTests" time="0"/>
  <testcase name="regularRectOutside[90]" classname="uk.ac.ed.inf.LngLatTests" time="0"/>
  <testcase name="regularRectOutside[91]" classname="uk.ac.ed.inf.LngLatTests" time="0"/>
  <testcase name="regularRectOutside[92]" classname="uk.ac.ed.inf.LngLatTests" time="0"/>
  <testcase name="regularRectOutside[93]" classname="uk.ac.ed.inf.LngLatTests" time="0"/>
  <testcase name="regularRectOutside[94]" classname="uk.ac.ed.inf.LngLatTests" time="0"/>
  <testcase name="regularRectOutside[95]" classname="uk.ac.ed.inf.LngLatTests" time="0"/>
  <testcase name="regularRectOutside[96]" classname="uk.ac.ed.inf.LngLatTests" time="0"/>
  <testcase name="regularRectOutside[97]" classname="uk.ac.ed.inf.LngLatTests" time="0"/>
  <testcase name="regularRectOutside[98]" classname="uk.ac.ed.inf.LngLatTests" time="0"/>
  <testcase name="regularRectOutside[99]" classname="uk.ac.ed.inf.LngLatTests" time="0"/>
  <testcase name="regularRectOutside[100]" classname="uk.ac.ed.inf.LngLatTests" time="0"/>
  <testcase name="hovering[1]" classname="uk.ac.ed.inf.LngLatTests" time="0"/>
  <testcase name="hovering[2]" classname="uk.ac.ed.inf.LngLatTests" time="0"/>
  <testcase name="hovering[3]" classname="uk.ac.ed.inf.LngLatTests" time="0"/>
  <testcase name="hovering[4]" classname="uk.ac.ed.inf.LngLatTests" time="0"/>
  <testcase name="hovering[5]" classname="uk.ac.ed.inf.LngLatTests" time="0"/>
  <testcase name="hovering[6]" classname="uk.ac.ed.inf.LngLatTests" time="0"/>
  <testcase name="hovering[7]" classname="uk.ac.ed.inf.LngLatTests" time="0"/>
  <testcase name="hovering[8]" classname="uk.ac.ed.inf.LngLatTests" time="0"/>
  <testcase name="hovering[9]" classname="uk.ac.ed.inf.LngLatTests" time="0"/>
  <testcase name="hovering[10]" classname="uk.ac.ed.inf.LngLatTests" time="0"/>
  <testcase name="hovering[11]" classname="uk.ac.ed.inf.LngLatTests" time="0"/>
  <testcase name="hovering[12]" classname="uk.ac.ed.inf.LngLatTests" time="0"/>
  <testcase name="hovering[13]" classname="uk.ac.ed.inf.LngLatTests" time="0"/>
  <testcase name="hovering[14]" classname="uk.ac.ed.inf.LngLatTests" time="0"/>
  <testcase name="hovering[15]" classname="uk.ac.ed.inf.LngLatTests" time="0"/>
  <testcase name="hovering[16]" classname="uk.ac.ed.inf.LngLatTests" time="0"/>
  <testcase name="hovering[17]" classname="uk.ac.ed.inf.LngLatTests" time="0"/>
  <testcase name="hovering[18]" classname="uk.ac.ed.inf.LngLatTests" time="0"/>
  <testcase name="hovering[19]" classname="uk.ac.ed.inf.LngLatTests" time="0"/>
  <testcase name="hovering[20]" classname="uk.ac.ed.inf.LngLatTests" time="0"/>
  <testcase name="hovering[21]" classname="uk.ac.ed.inf.LngLatTests" time="0"/>
  <testcase name="hovering[22]" classname="uk.ac.ed.inf.LngLatTests" time="0"/>
  <testcase name="hovering[23]" classname="uk.ac.ed.inf.LngLatTests" time="0"/>
  <testcase name="hovering[24]" classname="uk.ac.ed.inf.LngLatTests" time="0"/>
  <testcase name="hovering[25]" classname="uk.ac.ed.inf.LngLatTests" time="0"/>
  <testcase name="hovering[26]" classname="uk.ac.ed.inf.LngLatTests" time="0"/>
  <testcase name="hovering[27]" classname="uk.ac.ed.inf.LngLatTests" time="0"/>
  <testcase name="hovering[28]" classname="uk.ac.ed.inf.LngLatTests" time="0"/>
  <testcase name="hovering[29]" classname="uk.ac.ed.inf.LngLatTests" time="0"/>
  <testcase name="hovering[30]" classname="uk.ac.ed.inf.LngLatTests" time="0"/>
  <testcase name="hovering[31]" classname="uk.ac.ed.inf.LngLatTests" time="0"/>
  <testcase name="hovering[32]" classname="uk.ac.ed.inf.LngLatTests" time="0"/>
  <testcase name="hovering[33]" classname="uk.ac.ed.inf.LngLatTests" time="0"/>
  <testcase name="hovering[34]" classname="uk.ac.ed.inf.LngLatTests" time="0"/>
  <testcase name="hovering[35]" classname="uk.ac.ed.inf.LngLatTests" time="0"/>
  <testcase name="hovering[36]" classname="uk.ac.ed.inf.LngLatTests" time="0"/>
  <testcase name="hovering[37]" classname="uk.ac.ed.inf.LngLatTests" time="0"/>
  <testcase name="hovering[38]" classname="uk.ac.ed.inf.LngLatTests" time="0"/>
  <testcase name="hovering[39]" classname="uk.ac.ed.inf.LngLatTests" time="0"/>
  <testcase name="hovering[40]" classname="uk.ac.ed.inf.LngLatTests" time="0"/>
  <testcase name="hovering[41]" classname="uk.ac.ed.inf.LngLatTests" time="0"/>
  <testcase name="hovering[42]" classname="uk.ac.ed.inf.LngLatTests" time="0"/>
  <testcase name="hovering[43]" classname="uk.ac.ed.inf.LngLatTests" time="0"/>
  <testcase name="hovering[44]" classname="uk.ac.ed.inf.LngLatTests" time="0"/>
  <testcase name="hovering[45]" classname="uk.ac.ed.inf.LngLatTests" time="0"/>
  <testcase name="hovering[46]" classname="uk.ac.ed.inf.LngLatTests" time="0"/>
  <testcase name="hovering[47]" classname="uk.ac.ed.inf.LngLatTests" time="0"/>
  <testcase name="hovering[48]" classname="uk.ac.ed.inf.LngLatTests" time="0"/>
  <testcase name="hovering[49]" classname="uk.ac.ed.inf.LngLatTests" time="0"/>
  <testcase name="hovering[50]" classname="uk.ac.ed.inf.LngLatTests" time="0"/>
  <testcase name="hovering[51]" classname="uk.ac.ed.inf.LngLatTests" time="0"/>
  <testcase name="hovering[52]" classname="uk.ac.ed.inf.LngLatTests" time="0"/>
  <testcase name="hovering[53]" classname="uk.ac.ed.inf.LngLatTests" time="0"/>
  <testcase name="hovering[54]" classname="uk.ac.ed.inf.LngLatTests" time="0"/>
  <testcase name="hovering[55]" classname="uk.ac.ed.inf.LngLatTests" time="0"/>
  <testcase name="hovering[56]" classname="uk.ac.ed.inf.LngLatTests" time="0"/>
  <testcase name="hovering[57]" classname="uk.ac.ed.inf.LngLatTests" time="0"/>
  <testcase name="hovering[58]" classname="uk.ac.ed.inf.LngLatTests" time="0"/>
  <testcase name="hovering[59]" classname="uk.ac.ed.inf.LngLatTests" time="0"/>
  <testcase name="hovering[60]" classname="uk.ac.ed.inf.LngLatTests" time="0"/>
  <testcase name="hovering[61]" classname="uk.ac.ed.inf.LngLatTests" time="0"/>
  <testcase name="hovering[62]" classname="uk.ac.ed.inf.LngLatTests" time="0"/>
  <testcase name="hovering[63]" classname="uk.ac.ed.inf.LngLatTests" time="0"/>
  <testcase name="hovering[64]" classname="uk.ac.ed.inf.LngLatTests" time="0"/>
  <testcase name="hovering[65]" classname="uk.ac.ed.inf.LngLatTests" time="0"/>
  <testcase name="hovering[66]" classname="uk.ac.ed.inf.LngLatTests" time="0"/>
  <testcase name="hovering[67]" classname="uk.ac.ed.inf.LngLatTests" time="0"/>
  <testcase name="hovering[68]" classname="uk.ac.ed.inf.LngLatTests" time="0"/>
  <testcase name="hovering[69]" classname="uk.ac.ed.inf.LngLatTests" time="0"/>
  <testcase name="hovering[70]" classname="uk.ac.ed.inf.LngLatTests" time="0"/>
  <testcase name="hovering[71]" classname="uk.ac.ed.inf.LngLatTests" time="0"/>
  <testcase name="hovering[72]" classname="uk.ac.ed.inf.LngLatTests" time="0"/>
  <testcase name="hovering[73]" classname="uk.ac.ed.inf.LngLatTests" time="0"/>
  <testcase name="hovering[74]" classname="uk.ac.ed.inf.LngLatTests" time="0"/>
  <testcase name="hovering[75]" classname="uk.ac.ed.inf.LngLatTests" time="0"/>
  <testcase name="hovering[76]" classname="uk.ac.ed.inf.LngLatTests" time="0"/>
  <testcase name="hovering[77]" classname="uk.ac.ed.inf.LngLatTests" time="0"/>
  <testcase name="hovering[78]" classname="uk.ac.ed.inf.LngLatTests" time="0"/>
  <testcase name="hovering[79]" classname="uk.ac.ed.inf.LngLatTests" time="0"/>
  <testcase name="hovering[80]" classname="uk.ac.ed.inf.LngLatTests" time="0"/>
  <testcase name="hovering[81]" classname="uk.ac.ed.inf.LngLatTests" time="0"/>
  <testcase name="hovering[82]" classname="uk.ac.ed.inf.LngLatTests" time="0"/>
  <testcase name="hovering[83]" classname="uk.ac.ed.inf.LngLatTests" time="0"/>
  <testcase name="hovering[84]" classname="uk.ac.ed.inf.LngLatTests" time="0"/>
  <testcase name="hovering[85]" classname="uk.ac.ed.inf.LngLatTests" time="0"/>
  <testcase name="hovering[86]" classname="uk.ac.ed.inf.LngLatTests" time="0"/>
  <testcase name="hovering[87]" classname="uk.ac.ed.inf.LngLatTests" time="0"/>
  <testcase name="hovering[88]" classname="uk.ac.ed.inf.LngLatTests" time="0"/>
  <testcase name="hovering[89]" classname="uk.ac.ed.inf.LngLatTests" time="0"/>
  <testcase name="hovering[90]" classname="uk.ac.ed.inf.LngLatTests" time="0"/>
  <testcase name="hovering[91]" classname="uk.ac.ed.inf.LngLatTests" time="0"/>
  <testcase name="hovering[92]" classname="uk.ac.ed.inf.LngLatTests" time="0"/>
  <testcase name="hovering[93]" classname="uk.ac.ed.inf.LngLatTests" time="0"/>
  <testcase name="hovering[94]" classname="uk.ac.ed.inf.LngLatTests" time="0"/>
  <testcase name="hovering[95]" classname="uk.ac.ed.inf.LngLatTests" time="0"/>
  <testcase name="hovering[96]" classname="uk.ac.ed.inf.LngLatTests" time="0"/>
  <testcase name="hovering[97]" classname="uk.ac.ed.inf.LngLatTests" time="0"/>
  <testcase name="hovering[98]" classname="uk.ac.ed.inf.LngLatTests" time="0"/>
  <testcase name="hovering[99]" classname="uk.ac.ed.inf.LngLatTests" time="0"/>
  <testcase name="hovering[100]" classname="uk.ac.ed.inf.LngLatTests" time="0"/>
  <testcase name="regularPolygonInside" classname="uk.ac.ed.inf.LngLatTests" time="0.002"/>
  <testcase name="isNotClose" classname="uk.ac.ed.inf.LngLatTests" time="0"/>
  <testcase name="isClose[1]" classname="uk.ac.ed.inf.LngLatTests" time="0"/>
  <testcase name="isClose[2]" classname="uk.ac.ed.inf.LngLatTests" time="0"/>
  <testcase name="isClose[3]" classname="uk.ac.ed.inf.LngLatTests" time="0"/>
  <testcase name="isClose[4]" classname="uk.ac.ed.inf.LngLatTests" time="0"/>
  <testcase name="isClose[5]" classname="uk.ac.ed.inf.LngLatTests" time="0"/>
  <testcase name="isClose[6]" classname="uk.ac.ed.inf.LngLatTests" time="0"/>
  <testcase name="isClose[7]" classname="uk.ac.ed.inf.LngLatTests" time="0"/>
  <testcase name="isClose[8]" classname="uk.ac.ed.inf.LngLatTests" time="0"/>
  <testcase name="isClose[9]" classname="uk.ac.ed.inf.LngLatTests" time="0"/>
  <testcase name="isClose[10]" classname="uk.ac.ed.inf.LngLatTests" time="0"/>
  <testcase name="isClose[11]" classname="uk.ac.ed.inf.LngLatTests" time="0"/>
  <testcase name="isClose[12]" classname="uk.ac.ed.inf.LngLatTests" time="0"/>
  <testcase name="isClose[13]" classname="uk.ac.ed.inf.LngLatTests" time="0"/>
  <testcase name="isClose[14]" classname="uk.ac.ed.inf.LngLatTests" time="0"/>
  <testcase name="isClose[15]" classname="uk.ac.ed.inf.LngLatTests" time="0"/>
  <testcase name="isClose[16]" classname="uk.ac.ed.inf.LngLatTests" time="0"/>
  <testcase name="isClose[17]" classname="uk.ac.ed.inf.LngLatTests" time="0"/>
  <testcase name="isClose[18]" classname="uk.ac.ed.inf.LngLatTests" time="0"/>
  <testcase name="isClose[19]" classname="uk.ac.ed.inf.LngLatTests" time="0"/>
  <testcase name="isClose[20]" classname="uk.ac.ed.inf.LngLatTests" time="0"/>
  <testcase name="isClose[21]" classname="uk.ac.ed.inf.LngLatTests" time="0"/>
  <testcase name="isClose[22]" classname="uk.ac.ed.inf.LngLatTests" time="0"/>
  <testcase name="isClose[23]" classname="uk.ac.ed.inf.LngLatTests" time="0"/>
  <testcase name="isClose[24]" classname="uk.ac.ed.inf.LngLatTests" time="0"/>
  <testcase name="isClose[25]" classname="uk.ac.ed.inf.LngLatTests" time="0"/>
  <testcase name="isClose[26]" classname="uk.ac.ed.inf.LngLatTests" time="0"/>
  <testcase name="isClose[27]" classname="uk.ac.ed.inf.LngLatTests" time="0"/>
  <testcase name="isClose[28]" classname="uk.ac.ed.inf.LngLatTests" time="0"/>
  <testcase name="isClose[29]" classname="uk.ac.ed.inf.LngLatTests" time="0"/>
  <testcase name="isClose[30]" classname="uk.ac.ed.inf.LngLatTests" time="0"/>
  <testcase name="isClose[31]" classname="uk.ac.ed.inf.LngLatTests" time="0"/>
  <testcase name="isClose[32]" classname="uk.ac.ed.inf.LngLatTests" time="0"/>
  <testcase name="isClose[33]" classname="uk.ac.ed.inf.LngLatTests" time="0"/>
  <testcase name="isClose[34]" classname="uk.ac.ed.inf.LngLatTests" time="0"/>
  <testcase name="isClose[35]" classname="uk.ac.ed.inf.LngLatTests" time="0"/>
  <testcase name="isClose[36]" classname="uk.ac.ed.inf.LngLatTests" time="0"/>
  <testcase name="isClose[37]" classname="uk.ac.ed.inf.LngLatTests" time="0"/>
  <testcase name="isClose[38]" classname="uk.ac.ed.inf.LngLatTests" time="0"/>
  <testcase name="isClose[39]" classname="uk.ac.ed.inf.LngLatTests" time="0"/>
  <testcase name="isClose[40]" classname="uk.ac.ed.inf.LngLatTests" time="0"/>
  <testcase name="isClose[41]" classname="uk.ac.ed.inf.LngLatTests" time="0"/>
  <testcase name="isClose[42]" classname="uk.ac.ed.inf.LngLatTests" time="0"/>
  <testcase name="isClose[43]" classname="uk.ac.ed.inf.LngLatTests" time="0"/>
  <testcase name="isClose[44]" classname="uk.ac.ed.inf.LngLatTests" time="0"/>
  <testcase name="isClose[45]" classname="uk.ac.ed.inf.LngLatTests" time="0"/>
  <testcase name="isClose[46]" classname="uk.ac.ed.inf.LngLatTests" time="0"/>
  <testcase name="isClose[47]" classname="uk.ac.ed.inf.LngLatTests" time="0"/>
  <testcase name="isClose[48]" classname="uk.ac.ed.inf.LngLatTests" time="0"/>
  <testcase name="isClose[49]" classname="uk.ac.ed.inf.LngLatTests" time="0"/>
  <testcase name="isClose[50]" classname="uk.ac.ed.inf.LngLatTests" time="0"/>
  <testcase name="isClose[51]" classname="uk.ac.ed.inf.LngLatTests" time="0"/>
  <testcase name="isClose[52]" classname="uk.ac.ed.inf.LngLatTests" time="0"/>
  <testcase name="isClose[53]" classname="uk.ac.ed.inf.LngLatTests" time="0"/>
  <testcase name="isClose[54]" classname="uk.ac.ed.inf.LngLatTests" time="0"/>
  <testcase name="isClose[55]" classname="uk.ac.ed.inf.LngLatTests" time="0"/>
  <testcase name="isClose[56]" classname="uk.ac.ed.inf.LngLatTests" time="0"/>
  <testcase name="isClose[57]" classname="uk.ac.ed.inf.LngLatTests" time="0"/>
  <testcase name="isClose[58]" classname="uk.ac.ed.inf.LngLatTests" time="0"/>
  <testcase name="isClose[59]" classname="uk.ac.ed.inf.LngLatTests" time="0"/>
  <testcase name="isClose[60]" classname="uk.ac.ed.inf.LngLatTests" time="0"/>
  <testcase name="isClose[61]" classname="uk.ac.ed.inf.LngLatTests" time="0"/>
  <testcase name="isClose[62]" classname="uk.ac.ed.inf.LngLatTests" time="0"/>
  <testcase name="isClose[63]" classname="uk.ac.ed.inf.LngLatTests" time="0"/>
  <testcase name="isClose[64]" classname="uk.ac.ed.inf.LngLatTests" time="0"/>
  <testcase name="isClose[65]" classname="uk.ac.ed.inf.LngLatTests" time="0"/>
  <testcase name="isClose[66]" classname="uk.ac.ed.inf.LngLatTests" time="0"/>
  <testcase name="isClose[67]" classname="uk.ac.ed.inf.LngLatTests" time="0"/>
  <testcase name="isClose[68]" classname="uk.ac.ed.inf.LngLatTests" time="0"/>
  <testcase name="isClose[69]" classname="uk.ac.ed.inf.LngLatTests" time="0"/>
  <testcase name="isClose[70]" classname="uk.ac.ed.inf.LngLatTests" time="0"/>
  <testcase name="isClose[71]" classname="uk.ac.ed.inf.LngLatTests" time="0.001"/>
  <testcase name="isClose[72]" classname="uk.ac.ed.inf.LngLatTests" time="0"/>
  <testcase name="isClose[73]" classname="uk.ac.ed.inf.LngLatTests" time="0"/>
  <testcase name="isClose[74]" classname="uk.ac.ed.inf.LngLatTests" time="0"/>
  <testcase name="isClose[75]" classname="uk.ac.ed.inf.LngLatTests" time="0"/>
  <testcase name="isClose[76]" classname="uk.ac.ed.inf.LngLatTests" time="0"/>
  <testcase name="isClose[77]" classname="uk.ac.ed.inf.LngLatTests" time="0"/>
  <testcase name="isClose[78]" classname="uk.ac.ed.inf.LngLatTests" time="0"/>
  <testcase name="isClose[79]" classname="uk.ac.ed.inf.LngLatTests" time="0"/>
  <testcase name="isClose[80]" classname="uk.ac.ed.inf.LngLatTests" time="0"/>
  <testcase name="isClose[81]" classname="uk.ac.ed.inf.LngLatTests" time="0"/>
  <testcase name="isClose[82]" classname="uk.ac.ed.inf.LngLatTests" time="0"/>
  <testcase name="isClose[83]" classname="uk.ac.ed.inf.LngLatTests" time="0"/>
  <testcase name="isClose[84]" classname="uk.ac.ed.inf.LngLatTests" time="0"/>
  <testcase name="isClose[85]" classname="uk.ac.ed.inf.LngLatTests" time="0"/>
  <testcase name="isClose[86]" classname="uk.ac.ed.inf.LngLatTests" time="0"/>
  <testcase name="isClose[87]" classname="uk.ac.ed.inf.LngLatTests" time="0"/>
  <testcase name="isClose[88]" classname="uk.ac.ed.inf.LngLatTests" time="0"/>
  <testcase name="isClose[89]" classname="uk.ac.ed.inf.LngLatTests" time="0"/>
  <testcase name="isClose[90]" classname="uk.ac.ed.inf.LngLatTests" time="0"/>
  <testcase name="isClose[91]" classname="uk.ac.ed.inf.LngLatTests" time="0"/>
  <testcase name="isClose[92]" classname="uk.ac.ed.inf.LngLatTests" time="0"/>
  <testcase name="isClose[93]" classname="uk.ac.ed.inf.LngLatTests" time="0"/>
  <testcase name="isClose[94]" classname="uk.ac.ed.inf.LngLatTests" time="0"/>
  <testcase name="isClose[95]" classname="uk.ac.ed.inf.LngLatTests" time="0"/>
  <testcase name="isClose[96]" classname="uk.ac.ed.inf.LngLatTests" time="0"/>
  <testcase name="isClose[97]" classname="uk.ac.ed.inf.LngLatTests" time="0"/>
  <testcase name="isClose[98]" classname="uk.ac.ed.inf.LngLatTests" time="0"/>
  <testcase name="isClose[99]" classname="uk.ac.ed.inf.LngLatTests" time="0"/>
  <testcase name="isClose[100]" classname="uk.ac.ed.inf.LngLatTests" time="0"/>
</testsuite>