<?xml version="1.0" encoding="UTF-8"?>
<testsuite xmlns:xsi="http://www.w3.org/2001/XMLSchema-instance" xsi:noNamespaceSchemaLocation="https://maven.apache.org/surefire/maven-surefire-plugin/xsd/surefire-test-report.xsd" name="uk.ac.ed.inf.OrderValidatorTest" time="1.739" tests="3500" errors="0" skipped="0" failures="1">
  <properties>
[...]
</properties>
  <testcase name="testCreditCardNumber16Characters[1]" classname="uk.ac.ed.inf.OrderValidatorTest" time="0.038"/>
  <testcase name="testCreditCardNumber16Characters[2]" classname="uk.ac.ed.inf.OrderValidatorTest" time="0.001"/>
  <testcase name="testCreditCardNumber16Characters[3]" classname="uk.ac.ed.inf.OrderValidatorTest" time="0.001"/>
  <testcase name="testCreditCardNumber16Characters[4]" classname="uk.ac.ed.inf.OrderValidatorTest" time="0.001"/>
  <testcase name="testCreditCardNumber16Characters[5]" classname="uk.ac.ed.inf.OrderValidatorTest" time="0.001"/>
  <testcase name="testCreditCardNumber16Characters[6]" classname="uk.ac.ed.inf.OrderValidatorTest" time="0.001"/>
  <testcase name="testCreditCardNumber16Characters[7]" classname="uk.ac.ed.inf.OrderValidatorTest" time="0.001"/>
  <testcase name="testCreditCardNumber16Characters[8]" classname="uk.ac.ed.inf.OrderValidatorTest" time="0.001"/>
  <testcase name="testCreditCardNumber16Characters[9]" classname="uk.ac.ed.inf.OrderValidatorTest" time="0.001"/>
  <testcase name="testCreditCardNumber16Characters[10]" classname="uk.ac.ed.inf.OrderValidatorTest" time="0.001"/>
  <testcase name="testCreditCardNumber16Characters[11]" classname="uk.ac.ed.inf.OrderValidatorTest" time="0"/>
  <testcase name="testCreditCardNumber16Characters[12]" classname="uk.ac.ed.inf.OrderValidatorTest" time="0.001"/>
  <testcase name="testCreditCardNumber16Characters[13]" classname="uk.ac.ed.inf.OrderValidatorTest" time="0.001"/>
  <testcase name="testCreditCardNumber16Characters[14]" classname="uk.ac.ed.inf.OrderValidatorTest" time="0.001"/>
  <testcase name="testCreditCardNumber16Characters[15]" classname="uk.ac.ed.inf.OrderValidatorTest" time="0.001"/>
  <testcase name="testCreditCardNumber16Characters[16]" classname="uk.ac.ed.inf.OrderValidatorTest" time="0.001"/>
  <testcase name="testCreditCardNumber16Characters[17]" classname="uk.ac.ed.inf.OrderValidatorTest" time="0.001"/>
  <testcase name="testCreditCardNumber16Characters[18]" classname="uk.ac.ed.inf.OrderValidatorTest" time="0"/>
  <testcase name="testCreditCardNumber16Characters[19]" classname="uk.ac.ed.inf.OrderValidatorTest" time="0"/>
  <testcase name="testCreditCardNumber16Characters[20]" classname="uk.ac.ed.inf.OrderValidatorTest" time="0.001"/>
  <testcase name="testCreditCardNumber16Characters[21]" classname="uk.ac.ed.inf.OrderValidatorTest" time="0.001"/>
  <testcase name="testCreditCardNumber16Characters[22]" classname="uk.ac.ed.inf.OrderValidatorTest" time="0.001"/>
  <testcase name="testCreditCardNumber16Characters[23]" classname="uk.ac.ed.inf.OrderValidatorTest" time="0"/>
  <testcase name="testCreditCardNumber16Characters[24]" classname="uk.ac.ed.inf.OrderValidatorTest" time="0.001"/>
  <testcase name="testCreditCardNumber16Characters[25]" classname="uk.ac.ed.inf.OrderValidatorTest" time="0.001"/>
  <testcase name="testCreditCardNumber16Characters[26]" classname="uk.ac.ed.inf.OrderValidatorTest" time="0.001"/>
  <testcase name="testCreditCardNumber16Characters[27]" classname="uk.ac.ed.inf.OrderValidatorTest" time="0.001"/>
  <testcase name="testCreditCardNumber16Characters[28]" classname="uk.ac.ed.inf.OrderValidatorTest" time="0"/>
  <testcase name="testCreditCardNumber16Characters[29]" classname="uk.ac.ed.inf.OrderValidatorTest" time="0.001"/>
  <testcase name="testCreditCardNumber16Characters[30]" classname="uk.ac.ed.inf.OrderValidatorTest" time="0.001"/>
  <testcase name="testCreditCardNumber16Characters[31]" classname="uk.ac.ed.inf.OrderValidatorTest" time="0"/>
  <testcase name="testCreditCardNumber16Characters[32]" classname="uk.ac.ed.inf.OrderValidatorTest" time="0"/>
  <testcase name="testCreditCardNumber16Characters[33]" classname="uk.ac.ed.inf.OrderValidatorTest" time="0.001"/>
  <testcase name="testCreditCardNumber16Characters[34]" classname="uk.ac.ed.inf.OrderValidatorTest" time="0.001"/>
  <testcase name="testCreditCardNumber16Characters[35]" classname="uk.ac.ed.inf.OrderValidatorTest" time="0"/>
  <testcase name="testCreditCardNumber16Characters[36]" classname="uk.ac.ed.inf.OrderValidatorTest" time="0.001"/>
  <testcase name="testCreditCardNumber16Characters[37]" classname="uk.ac.ed.inf.OrderValidatorTest" time="0"/>
  <testcase name="testCreditCardNumber16Characters[38]" classname="uk.ac.ed.inf.OrderValidatorTest" time="0.001"/>
  <testcase name="testCreditCardNumber16Characters[39]" classname="uk.ac.ed.inf.OrderValidatorTest" time="0.001"/>
  <testcase name="testCreditCardNumber16Characters[40]" classname="uk.ac.ed.inf.OrderValidatorTest" time="0"/>
  <testcase name="testCreditCardNumber16Characters[41]" classname="uk.ac.ed.inf.OrderValidatorTest" time="0.001"/>
  <testcase name="testCreditCardNumber16Characters[42]" classname="uk.ac.ed.inf.OrderValidatorTest" time="0.001"/>
  <testcase name="testCreditCardNumber16Characters[43]" classname="uk.ac.ed.inf.OrderValidatorTest" time="0"/>
  <testcase name="testCreditCardNumber16Characters[44]" classname="uk.ac.ed.inf.OrderValidatorTest" time="0.001"/>
  <testcase name="testCreditCardNumber16Characters[45]" classname="uk.ac.ed.inf.OrderValidatorTest" time="0.001"/>
  <testcase name="testCreditCardNumber16Characters[46]" classname="uk.ac.ed.inf.OrderValidatorTest" time="0"/>
  <testcase name="testCreditCardNumber16Characters[47]" classname="uk.ac.ed.inf.OrderValidatorTest" time="0.001"/>
  <testcase name="testCreditCardNumber16Characters[48]" classname="uk.ac.ed.inf.OrderValidatorTest" time="0"/>
  <testcase name="testCreditCardNumber16Characters[49]" classname="uk.ac.ed.inf.OrderValidatorTest" time="0.001"/>
  <testcase name="testCreditCardNumber16Characters[50]" classname="uk.ac.ed.inf.OrderValidatorTest" time="0.001"/>
  <testcase name="testCreditCardNumber16Characters[51]" classname="uk.ac.ed.inf.OrderValidatorTest" time="0.001"/>
  <testcase name="testCreditCardNumber16Characters[52]" classname="uk.ac.ed.inf.OrderValidatorTest" time="0.001"/>
  <testcase name="testCreditCardNumber16Characters[53]" classname="uk.ac.ed.inf.OrderValidatorTest" time="0"/>
  <testcase name="testCreditCardNumber16Characters[54]" classname="uk.ac.ed.inf.OrderValidatorTest" time="0.001"/>
  <testcase name="testCreditCardNumber16Characters[55]" classname="uk.ac.ed.inf.OrderValidatorTest" time="0"/>
  <testcase name="testCreditCardNumber16Characters[56]" classname="uk.ac.ed.inf.OrderValidatorTest" time="0.001"/>
  <testcase name="testCreditCardNumber16Characters[57]" classname="uk.ac.ed.inf.OrderValidatorTest" time="0"/>
  <testcase name="testCreditCardNumber16Characters[58]" classname="uk.ac.ed.inf.OrderValidatorTest" time="0.001"/>
  <testcase name="testCreditCardNumber16Characters[59]" classname="uk.ac.ed.inf.OrderValidatorTest" time="0.001"/>
  <testcase name="testCreditCardNumber16Characters[60]" classname="uk.ac.ed.inf.OrderValidatorTest" time="0"/>
  <testcase name="testCreditCardNumber16Characters[61]" classname="uk.ac.ed.inf.OrderValidatorTest" time="0.001"/>
  <testcase name="testCreditCardNumber16Characters[62]" classname="uk.ac.ed.inf.OrderValidatorTest" time="0.001"/>
  <testcase name="testCreditCardNumber16Characters[63]" classname="uk.ac.ed.inf.OrderValidatorTest" time="0"/>
  <testcase name="testCreditCardNumber16Characters[64]" classname="uk.ac.ed.inf.OrderValidatorTest" time="0.001"/>
  <testcase name="testCreditCardNumber16Characters[65]" classname="uk.ac.ed.inf.OrderValidatorTest" time="0"/>
  <testcase name="testCreditCardNumber16Characters[66]" classname="uk.ac.ed.inf.OrderValidatorTest" time="0"/>
  <testcase name="testCreditCardNumber16Characters[67]" classname="uk.ac.ed.inf.OrderValidatorTest" time="0.001"/>
  <testcase name="testCreditCardNumber16Characters[68]" classname="uk.ac.ed.inf.OrderValidatorTest" time="0"/>
  <testcase name="testCreditCardNumber16Characters[69]" classname="uk.ac.ed.inf.OrderValidatorTest" time="0.001"/>
  <testcase name="testCreditCardNumber16Characters[70]" classname="uk.ac.ed.inf.OrderValidatorTest" time="0.001"/>
  <testcase name="testCreditCardNumber16Characters[71]" classname="uk.ac.ed.inf.OrderValidatorTest" time="0"/>
  <testcase name="testCreditCardNumber16Characters[72]" classname="uk.ac.ed.inf.OrderValidatorTest" time="0.001"/>
  <testcase name="testCreditCardNumber16Characters[73]" classname="uk.ac.ed.inf.OrderValidatorTest" time="0"/>
  <testcase name="testCreditCardNumber16Characters[74]" classname="uk.ac.ed.inf.OrderValidatorTest" time="0"/>
  <testcase name="testCreditCardNumber16Characters[75]" classname="uk.ac.ed.inf.OrderValidatorTest" time="0"/>
  <testcase name="testCreditCardNumber16Characters[76]" classname="uk.ac.ed.inf.OrderValidatorTest" time="0"/>
  <testcase name="testCreditCardNumber16Characters[77]" classname="uk.ac.ed.inf.OrderValidatorTest" time="0.001"/>
  <testcase name="testCreditCardNumber16Characters[78]" classname="uk.ac.ed.inf.OrderValidatorTest" time="0"/>
  <testcase name="testCreditCardNumber16Characters[79]" classname="uk.ac.ed.inf.OrderValidatorTest" time="0.001"/>
  <testcase name="testCreditCardNumber16Characters[80]" classname="uk.ac.ed.inf.OrderValidatorTest" time="0.001"/>
  <testcase name="testCreditCardNumber16Characters[81]" classname="uk.ac.ed.inf.OrderValidatorTest" time="0"/>
  <testcase name="testCreditCardNumber16Characters[82]" classname="uk.ac.ed.inf.OrderValidatorTest" time="0.001"/>
  <testcase name="testCreditCardNumber16Characters[83]" classname="uk.ac.ed.inf.OrderValidatorTest" time="0.001"/>
  <testcase name="testCreditCardNumber16Characters[84]" classname="uk.ac.ed.inf.OrderValidatorTest" time="0"/>
  <testcase name="testCreditCardNumber16Characters[85]" classname="uk.ac.ed.inf.OrderValidatorTest" time="0.001"/>
  <testcase name="testCreditCardNumber16Characters[86]" classname="uk.ac.ed.inf.OrderValidatorTest" time="0"/>
  <testcase name="testCreditCardNumber16Characters[87]" classname="uk.ac.ed.inf.OrderValidatorTest" time="0.001"/>
  <testcase name="testCreditCardNumber16Characters[88]" classname="uk.ac.ed.inf.OrderValidatorTest" time="0.001"/>
  <testcase name="testCreditCardNumber16Characters[89]" classname="uk.ac.ed.inf.OrderValidatorTest" time="0"/>
  <testcase name="testCreditCardNumber16Characters[90]" classname="uk.ac.ed.inf.OrderValidatorTest" time="0.001"/>
  <testcase name="testCreditCardNumber16Characters[91]" classname="uk.ac.ed.inf.OrderValidatorTest" time="0.001"/>
  <testcase name="testCreditCardNumber16Characters[92]" classname="uk.ac.ed.inf.OrderValidatorTest" time="0"/>
  <testcase name="testCreditCardNumber16Characters[93]" classname="uk.ac.ed.inf.OrderValidatorTest" time="0.001"/>
  <testcase name="testCreditCardNumber16Characters[94]" classname="uk.ac.ed.inf.OrderValidatorTest" time="0"/>
  <testcase name="testCreditCardNumber16Characters[95]" classname="uk.ac.ed.inf.OrderValidatorTest" time="0.001"/>
  <testcase name="testCreditCardNumber16Characters[96]" classname="uk.ac.ed.inf.OrderValidatorTest" time="0"/>
  <testcase name="testCreditCardNumber16Characters[97]" classname="uk.ac.ed.inf.OrderValidatorTest" time="0.001"/>
  <testcase name="testCreditCardNumber16Characters[98]" classname="uk.ac.ed.inf.OrderValidatorTest" time="0"/>
  <testcase name="testCreditCardNumber16Characters[99]" classname="uk.ac.ed.inf.OrderValidatorTest" time="0.001"/>
  <testcase name="testCreditCardNumber16Characters[100]" classname="uk.ac.ed.inf.OrderValidatorTest" time="0"/>
  <testcase name="testPizzaInSecondRestaurant[1]" classname="uk.ac.ed.inf.OrderValidatorTest" time="0.014"/>
  <testcase name="testPizzaInSecondRestaurant[2]" classname="uk.ac.ed.inf.OrderValidatorTest" time="0"/>
  <testcase name="testPizzaInSecondRestaurant[3]" classname="uk.ac.ed.inf.OrderValidatorTest" time="0"/>
  <testcase name="testPizzaInSecondRestaurant[4]" classname="uk.ac.ed.inf.OrderValidatorTest" time="0.001"/>
  <testcase name="testPizzaInSecondRestaurant[5]" classname="uk.ac.ed.inf.OrderValidatorTest" time="0"/>
  <testcase name="testPizzaInSecondRestaurant[6]" classname="uk.ac.ed.inf.OrderValidatorTest" time="0.001"/>
  <testcase name="testPizzaInSecondRestaurant[7]" classname="uk.ac.ed.inf.OrderValidatorTest" time="0.001"/>
  <testcase name="testPizzaInSecondRestaurant[8]" classname="uk.ac.ed.inf.OrderValidatorTest" time="0.001"/>
  <testcase name="testPizzaInSecondRestaurant[9]" classname="uk.ac.ed.inf.OrderValidatorTest" time="0"/>
  <testcase name="testPizzaInSecondRestaurant[10]" classname="uk.ac.ed.inf.OrderValidatorTest" time="0.001"/>
  <testcase name="testPizzaInSecondRestaurant[11]" classname="uk.ac.ed.inf.OrderValidatorTest" time="0.001"/>
  <testcase name="testPizzaInSecondRestaurant[12]" classname="uk.ac.ed.inf.OrderValidatorTest" time="0.001"/>
  <testcase name="testPizzaInSecondRestaurant[13]" classname="uk.ac.ed.inf.OrderValidatorTest" time="0"/>
  <testcase name="testPizzaInSecondRestaurant[14]" classname="uk.ac.ed.inf.OrderValidatorTest" time="0.001"/>
  <testcase name="testPizzaInSecondRestaurant[15]" classname="uk.ac.ed.inf.OrderValidatorTest" time="0.001"/>
  <testcase name="testPizzaInSecondRestaurant[16]" classname="uk.ac.ed.inf.OrderValidatorTest" time="0"/>
  <testcase name="testPizzaInSecondRestaurant[17]" classname="uk.ac.ed.inf.OrderValidatorTest" time="0.001"/>
  <testcase name="testPizzaInSecondRestaurant[18]" classname="uk.ac.ed.inf.OrderValidatorTest" time="0"/>
  <testcase name="testPizzaInSecondRestaurant[19]" classname="uk.ac.ed.inf.OrderValidatorTest" time="0.001"/>
  <testcase name="testPizzaInSecondRestaurant[20]" classname="uk.ac.ed.inf.OrderValidatorTest" time="0.001"/>
  <testcase name="testPizzaInSecondRestaurant[21]" classname="uk.ac.ed.inf.OrderValidatorTest" time="0"/>
  <testcase name="testPizzaInSecondRestaurant[22]" classname="uk.ac.ed.inf.OrderValidatorTest" time="0.001"/>
  <testcase name="testPizzaInSecondRestaurant[23]" classname="uk.ac.ed.inf.OrderValidatorTest" time="0.001"/>
  <testcase name="testPizzaInSecondRestaurant[24]" classname="uk.ac.ed.inf.OrderValidatorTest" time="0"/>
  <testcase name="testPizzaInSecondRestaurant[25]" classname="uk.ac.ed.inf.OrderValidatorTest" time="0.001"/>
  <testcase name="testPizzaInSecondRestaurant[26]" classname="uk.ac.ed.inf.OrderValidatorTest" time="0.001"/>
  <testcase name="testPizzaInSecondRestaurant[27]" classname="uk.ac.ed.inf.OrderValidatorTest" time="0.001"/>
  <testcase name="testPizzaInSecondRestaurant[28]" classname="uk.ac.ed.inf.OrderValidatorTest" time="0"/>
  <testcase name="testPizzaInSecondRestaurant[29]" classname="uk.ac.ed.inf.OrderValidatorTest" time="0.001"/>
  <testcase name="testPizzaInSecondRestaurant[30]" classname="uk.ac.ed.inf.OrderValidatorTest" time="0.001"/>
  <testcase name="testPizzaInSecondRestaurant[31]" classname="uk.ac.ed.inf.OrderValidatorTest" time="0"/>
  <testcase name="testPizzaInSecondRestaurant[32]" classname="uk.ac.ed.inf.OrderValidatorTest" time="0.001"/>
  <testcase name="testPizzaInSecondRestaurant[33]" classname="uk.ac.ed.inf.OrderValidatorTest" time="0"/>
  <testcase name="testPizzaInSecondRestaurant[34]" classname="uk.ac.ed.inf.OrderValidatorTest" time="0.001"/>
  <testcase name="testPizzaInSecondRestaurant[35]" classname="uk.ac.ed.inf.OrderValidatorTest" time="0"/>
  <testcase name="testPizzaInSecondRestaurant[36]" classname="uk.ac.ed.inf.OrderValidatorTest" time="0.001"/>
  <testcase name="testPizzaInSecondRestaurant[37]" classname="uk.ac.ed.inf.OrderValidatorTest" time="0.001"/>
  <testcase name="testPizzaInSecondRestaurant[38]" classname="uk.ac.ed.inf.OrderValidatorTest" time="0"/>
  <testcase name="testPizzaInSecondRestaurant[39]" classname="uk.ac.ed.inf.OrderValidatorTest" time="0.001"/>
  <testcase name="testPizzaInSecondRestaurant[40]" classname="uk.ac.ed.inf.OrderValidatorTest" time="0"/>
  <testcase name="testPizzaInSecondRestaurant[41]" classname="uk.ac.ed.inf.OrderValidatorTest" time="0.001"/>
  <testcase name="testPizzaInSecondRestaurant[42]" classname="uk.ac.ed.inf.OrderValidatorTest" time="0"/>
  <testcase name="testPizzaInSecondRestaurant[43]" classname="uk.ac.ed.inf.OrderValidatorTest" time="0.001"/>
  <testcase name="testPizzaInSecondRestaurant[44]" classname="uk.ac.ed.inf.OrderValidatorTest" time="0"/>
  <testcase name="testPizzaInSecondRestaurant[45]" classname="uk.ac.ed.inf.OrderValidatorTest" time="0.001"/>
  <testcase name="testPizzaInSecondRestaurant[46]" classname="uk.ac.ed.inf.OrderValidatorTest" time="0.001"/>
  <testcase name="testPizzaInSecondRestaurant[47]" classname="uk.ac.ed.inf.OrderValidatorTest" time="0"/>
  <testcase name="testPizzaInSecondRestaurant[48]" classname="uk.ac.ed.inf.OrderValidatorTest" time="0.001"/>
  <testcase name="testPizzaInSecondRestaurant[49]" classname="uk.ac.ed.inf.OrderValidatorTest" time="0.001"/>
  <testcase name="testPizzaInSecondRestaurant[50]" classname="uk.ac.ed.inf.OrderValidatorTest" time="0"/>
  <testcase name="testPizzaInSecondRestaurant[51]" classname="uk.ac.ed.inf.OrderValidatorTest" time="0.001"/>
  <testcase name="testPizzaInSecondRestaurant[52]" classname="uk.ac.ed.inf.OrderValidatorTest" time="0"/>
  <testcase name="testPizzaInSecondRestaurant[53]" classname="uk.ac.ed.inf.OrderValidatorTest" time="0.001"/>
  <testcase name="testPizzaInSecondRestaurant[54]" classname="uk.ac.ed.inf.OrderValidatorTest" time="0"/>
  <testcase name="testPizzaInSecondRestaurant[55]" classname="uk.ac.ed.inf.OrderValidatorTest" time="0.001"/>
  <testcase name="testPizzaInSecondRestaurant[56]" classname="uk.ac.ed.inf.OrderValidatorTest" time="0"/>
  <testcase name="testPizzaInSecondRestaurant[57]" classname="uk.ac.ed.inf.OrderValidatorTest" time="0.001"/>
  <testcase name="testPizzaInSecondRestaurant[58]" classname="uk.ac.ed.inf.OrderValidatorTest" time="0.001"/>
  <testcase name="testPizzaInSecondRestaurant[59]" classname="uk.ac.ed.inf.OrderValidatorTest" time="0"/>
  <testcase name="testPizzaInSecondRestaurant[60]" classname="uk.ac.ed.inf.OrderValidatorTest" time="0.001"/>
  <testcase name="testPizzaInSecondRestaurant[61]" classname="uk.ac.ed.inf.OrderValidatorTest" time="0.001"/>
  <testcase name="testPizzaInSecondRestaurant[62]" classname="uk.ac.ed.inf.OrderValidatorTest" time="0"/>
  <testcase name="testPizzaInSecondRestaurant[63]" classname="uk.ac.ed.inf.OrderValidatorTest" time="0.001"/>
  <testcase name="testPizzaInSecondRestaurant[64]" classname="uk.ac.ed.inf.OrderValidatorTest" time="0"/>
  <testcase name="testPizzaInSecondRestaurant[65]" classname="uk.ac.ed.inf.OrderValidatorTest" time="0.001"/>
  <testcase name="testPizzaInSecondRestaurant[66]" classname="uk.ac.ed.inf.OrderValidatorTest" time="0.001"/>
  <testcase name="testPizzaInSecondRestaurant[67]" classname="uk.ac.ed.inf.OrderValidatorTest" time="0"/>
  <testcase name="testPizzaInSecondRestaurant[68]" classname="uk.ac.ed.inf.OrderValidatorTest" time="0.001"/>
  <testcase name="testPizzaInSecondRestaurant[69]" classname="uk.ac.ed.inf.OrderValidatorTest" time="0"/>
  <testcase name="testPizzaInSecondRestaurant[70]" classname="uk.ac.ed.inf.OrderValidatorTest" time="0.001"/>
  <testcase name="testPizzaInSecondRestaurant[71]" classname="uk.ac.ed.inf.OrderValidatorTest" time="0.001"/>
  <testcase name="testPizzaInSecondRestaurant[72]" classname="uk.ac.ed.inf.OrderValidatorTest" time="0"/>
  <testcase name="testPizzaInSecondRestaurant[73]" classname="uk.ac.ed.inf.OrderValidatorTest" time="0.001"/>
  <testcase name="testPizzaInSecondRestaurant[74]" classname="uk.ac.ed.inf.OrderValidatorTest" time="0"/>
  <testcase name="testPizzaInSecondRestaurant[75]" classname="uk.ac.ed.inf.OrderValidatorTest" time="0.001"/>
  <testcase name="testPizzaInSecondRestaurant[76]" classname="uk.ac.ed.inf.OrderValidatorTest" time="0"/>
  <testcase name="testPizzaInSecondRestaurant[77]" classname="uk.ac.ed.inf.OrderValidatorTest" time="0.001"/>
  <testcase name="testPizzaInSecondRestaurant[78]" classname="uk.ac.ed.inf.OrderValidatorTest" time="0"/>
  <testcase name="testPizzaInSecondRestaurant[79]" classname="uk.ac.ed.inf.OrderValidatorTest" time="0.001"/>
  <testcase name="testPizzaInSecondRestaurant[80]" classname="uk.ac.ed.inf.OrderValidatorTest" time="0.001"/>
  <testcase name="testPizzaInSecondRestaurant[81]" classname="uk.ac.ed.inf.OrderValidatorTest" time="0"/>
  <testcase name="testPizzaInSecondRestaurant[82]" classname="uk.ac.ed.inf.OrderValidatorTest" time="0.001"/>
  <testcase name="testPizzaInSecondRestaurant[83]" classname="uk.ac.ed.inf.OrderValidatorTest" time="0"/>
  <testcase name="testPizzaInSecondRestaurant[84]" classname="uk.ac.ed.inf.OrderValidatorTest" time="0.001"/>
  <testcase name="testPizzaInSecondRestaurant[85]" classname="uk.ac.ed.inf.OrderValidatorTest" time="0"/>
  <testcase name="testPizzaInSecondRestaurant[86]" classname="uk.ac.ed.inf.OrderValidatorTest" time="0.001"/>
  <testcase name="testPizzaInSecondRestaurant[87]" classname="uk.ac.ed.inf.OrderValidatorTest" time="0.001"/>
  <testcase name="testPizzaInSecondRestaurant[88]" classname="uk.ac.ed.inf.OrderValidatorTest" time="0.001"/>
  <testcase name="testPizzaInSecondRestaurant[89]" classname="uk.ac.ed.inf.OrderValidatorTest" time="0"/>
  <testcase name="testPizzaInSecondRestaurant[90]" classname="uk.ac.ed.inf.OrderValidatorTest" time="0.001"/>
  <testcase name="testPizzaInSecondRestaurant[91]" classname="uk.ac.ed.inf.OrderValidatorTest" time="0"/>
  <testcase name="testPizzaInSecondRestaurant[92]" classname="uk.ac.ed.inf.OrderValidatorTest" time="0.001"/>
  <testcase name="testPizzaInSecondRestaurant[93]" classname="uk.ac.ed.inf.OrderValidatorTest" time="0.001"/>
  <testcase name="testPizzaInSecondRestaurant[94]" classname="uk.ac.ed.inf.OrderValidatorTest" time="0"/>
  <testcase name="testPizzaInSecondRestaurant[95]" classname="uk.ac.ed.inf.OrderValidatorTest" time="0.001"/>
  <testcase name="testPizzaInSecondRestaurant[96]" classname="uk.ac.ed.inf.OrderValidatorTest" time="0.001"/>
  <testcase name="testPizzaInSecondRestaurant[97]" classname="uk.ac.ed.inf.OrderValidatorTest" time="0"/>
  <testcase name="testPizzaInSecondRestaurant[98]" classname="uk.ac.ed.inf.OrderValidatorTest" time="0.001"/>
  <testcase name="testPizzaInSecondRestaurant[99]" classname="uk.ac.ed.inf.OrderValidatorTest" time="0"/>
  <testcase name="testPizzaInSecondRestaurant[100]" classname="uk.ac.ed.inf.OrderValidatorTest" time="0.001"/>
  <testcase name="testPizzaNotInRestaurant[1]" classname="uk.ac.ed.inf.OrderValidatorTest" time="0.001"/>
  <testcase name="testPizzaNotInRestaurant[2]" classname="uk.ac.ed.inf.OrderValidatorTest" time="0"/>
  <testcase name="testPizzaNotInRestaurant[3]" classname="uk.ac.ed.inf.OrderValidatorTest" time="0.001"/>
  <testcase name="testPizzaNotInRestaurant[4]" classname="uk.ac.ed.inf.OrderValidatorTest" time="0"/>
  <testcase name="testPizzaNotInRestaurant[5]" classname="uk.ac.ed.inf.OrderValidatorTest" time="0.001"/>
  <testcase name="testPizzaNotInRestaurant[6]" classname="uk.ac.ed.inf.OrderValidatorTest" time="0.001"/>
  <testcase name="testPizzaNotInRestaurant[7]" classname="uk.ac.ed.inf.OrderValidatorTest" time="0"/>
  <testcase name="testPizzaNotInRestaurant[8]" classname="uk.ac.ed.inf.OrderValidatorTest" time="0.001"/>
  <testcase name="testPizzaNotInRestaurant[9]" classname="uk.ac.ed.inf.OrderValidatorTest" time="0.001"/>
  <testcase name="testPizzaNotInRestaurant[10]" classname="uk.ac.ed.inf.OrderValidatorTest" time="0"/>
  <testcase name="testPizzaNotInRestaurant[11]" classname="uk.ac.ed.inf.OrderValidatorTest" time="0.001"/>
  <testcase name="testPizzaNotInRestaurant[12]" classname="uk.ac.ed.inf.OrderValidatorTest" time="0"/>
  <testcase name="testPizzaNotInRestaurant[13]" classname="uk.ac.ed.inf.OrderValidatorTest" time="0.001"/>
  <testcase name="testPizzaNotInRestaurant[14]" classname="uk.ac.ed.inf.OrderValidatorTest" time="0"/>
  <testcase name="testPizzaNotInRestaurant[15]" classname="uk.ac.ed.inf.OrderValidatorTest" time="0.001"/>
  <testcase name="testPizzaNotInRestaurant[16]" classname="uk.ac.ed.inf.OrderValidatorTest" time="0"/>
  <testcase name="testPizzaNotInRestaurant[17]" classname="uk.ac.ed.inf.OrderValidatorTest" time="0.001"/>
  <testcase name="testPizzaNotInRestaurant[18]" classname="uk.ac.ed.inf.OrderValidatorTest" time="0"/>
  <testcase name="testPizzaNotInRestaurant[19]" classname="uk.ac.ed.inf.OrderValidatorTest" time="0.001"/>
  <testcase name="testPizzaNotInRestaurant[20]" classname="uk.ac.ed.inf.OrderValidatorTest" time="0.001"/>
  <testcase name="testPizzaNotInRestaurant[21]" classname="uk.ac.ed.inf.OrderValidatorTest" time="0"/>
  <testcase name="testPizzaNotInRestaurant[22]" classname="uk.ac.ed.inf.OrderValidatorTest" time="0.001"/>
  <testcase name="testPizzaNotInRestaurant[23]" classname="uk.ac.ed.inf.OrderValidatorTest" time="0"/>
  <testcase name="testPizzaNotInRestaurant[24]" classname="uk.ac.ed.inf.OrderValidatorTest" time="0.001"/>
  <testcase name="testPizzaNotInRestaurant[25]" classname="uk.ac.ed.inf.OrderValidatorTest" time="0"/>
  <testcase name="testPizzaNotInRestaurant[26]" classname="uk.ac.ed.inf.OrderValidatorTest" time="0.001"/>
  <testcase name="testPizzaNotInRestaurant[27]" classname="uk.ac.ed.inf.OrderValidatorTest" time="0.001"/>
  <testcase name="testPizzaNotInRestaurant[28]" classname="uk.ac.ed.inf.OrderValidatorTest" time="0.001"/>
  <testcase name="testPizzaNotInRestaurant[29]" classname="uk.ac.ed.inf.OrderValidatorTest" time="0"/>
  <testcase name="testPizzaNotInRestaurant[30]" classname="uk.ac.ed.inf.OrderValidatorTest" time="0.001"/>
  <testcase name="testPizzaNotInRestaurant[31]" classname="uk.ac.ed.inf.OrderValidatorTest" time="0"/>
  <testcase name="testPizzaNotInRestaurant[32]" classname="uk.ac.ed.inf.OrderValidatorTest" time="0.001"/>
  <testcase name="testPizzaNotInRestaurant[33]" classname="uk.ac.ed.inf.OrderValidatorTest" time="0.001"/>
  <testcase name="testPizzaNotInRestaurant[34]" classname="uk.ac.ed.inf.OrderValidatorTest" time="0"/>
  <testcase name="testPizzaNotInRestaurant[35]" classname="uk.ac.ed.inf.OrderValidatorTest" time="0.001"/>
  <testcase name="testPizzaNotInRestaurant[36]" classname="uk.ac.ed.inf.OrderValidatorTest" time="0.001"/>
  <testcase name="testPizzaNotInRestaurant[37]" classname="uk.ac.ed.inf.OrderValidatorTest" time="0"/>
  <testcase name="testPizzaNotInRestaurant[38]" classname="uk.ac.ed.inf.OrderValidatorTest" time="0.001"/>
  <testcase name="testPizzaNotInRestaurant[39]" classname="uk.ac.ed.inf.OrderValidatorTest" time="0"/>
  <testcase name="testPizzaNotInRestaurant[40]" classname="uk.ac.ed.inf.OrderValidatorTest" time="0.001"/>
  <testcase name="testPizzaNotInRestaurant[41]" classname="uk.ac.ed.inf.OrderValidatorTest" time="0.001"/>
  <testcase name="testPizzaNotInRestaurant[42]" classname="uk.ac.ed.inf.OrderValidatorTest" time="0.001"/>
  <testcase name="testPizzaNotInRestaurant[43]" classname="uk.ac.ed.inf.OrderValidatorTest" time="0"/>
  <testcase name="testPizzaNotInRestaurant[44]" classname="uk.ac.ed.inf.OrderValidatorTest" time="0"/>
  <testcase name="testPizzaNotInRestaurant[45]" classname="uk.ac.ed.inf.OrderValidatorTest" time="0.001"/>
  <testcase name="testPizzaNotInRestaurant[46]" classname="uk.ac.ed.inf.OrderValidatorTest" time="0.001"/>
  <testcase name="testPizzaNotInRestaurant[47]" classname="uk.ac.ed.inf.OrderValidatorTest" time="0"/>
  <testcase name="testPizzaNotInRestaurant[48]" classname="uk.ac.ed.inf.OrderValidatorTest" time="0.001"/>
  <testcase name="testPizzaNotInRestaurant[49]" classname="uk.ac.ed.inf.OrderValidatorTest" time="0"/>
  <testcase name="testPizzaNotInRestaurant[50]" classname="uk.ac.ed.inf.OrderValidatorTest" time="0.001"/>
  <testcase name="testPizzaNotInRestaurant[51]" classname="uk.ac.ed.inf.OrderValidatorTest" time="0.001"/>
  <testcase name="testPizzaNotInRestaurant[52]" classname="uk.ac.ed.inf.OrderValidatorTest" time="0"/>
  <testcase name="testPizzaNotInRestaurant[53]" classname="uk.ac.ed.inf.OrderValidatorTest" time="0.001"/>
  <testcase name="testPizzaNotInRestaurant[54]" classname="uk.ac.ed.inf.OrderValidatorTest" time="0"/>
  <testcase name="testPizzaNotInRestaurant[55]" classname="uk.ac.ed.inf.OrderValidatorTest" time="0.001"/>
  <testcase name="testPizzaNotInRestaurant[56]" classname="uk.ac.ed.inf.OrderValidatorTest" time="0.001"/>
  <testcase name="testPizzaNotInRestaurant[57]" classname="uk.ac.ed.inf.OrderValidatorTest" time="0"/>
  <testcase name="testPizzaNotInRestaurant[58]" classname="uk.ac.ed.inf.OrderValidatorTest" time="0.001"/>
  <testcase name="testPizzaNotInRestaurant[59]" classname="uk.ac.ed.inf.OrderValidatorTest" time="0"/>
  <testcase name="testPizzaNotInRestaurant[60]" classname="uk.ac.ed.inf.OrderValidatorTest" time="0.001"/>
  <testcase name="testPizzaNotInRestaurant[61]" classname="uk.ac.ed.inf.OrderValidatorTest" time="0"/>
  <testcase name="testPizzaNotInRestaurant[62]" classname="uk.ac.ed.inf.OrderValidatorTest" time="0.001"/>
  <testcase name="testPizzaNotInRestaurant[63]" classname="uk.ac.ed.inf.OrderValidatorTest" time="0.001"/>
  <testcase name="testPizzaNotInRestaurant[64]" classname="uk.ac.ed.inf.OrderValidatorTest" time="0.001"/>
  <testcase name="testPizzaNotInRestaurant[65]" classname="uk.ac.ed.inf.OrderValidatorTest" time="0.001"/>
  <testcase name="testPizzaNotInRestaurant[66]" classname="uk.ac.ed.inf.OrderValidatorTest" time="0"/>
  <testcase name="testPizzaNotInRestaurant[67]" classname="uk.ac.ed.inf.OrderValidatorTest" time="0"/>
  <testcase name="testPizzaNotInRestaurant[68]" classname="uk.ac.ed.inf.OrderValidatorTest" time="0.001"/>
  <testcase name="testPizzaNotInRestaurant[69]" classname="uk.ac.ed.inf.OrderValidatorTest" time="0"/>
  <testcase name="testPizzaNotInRestaurant[70]" classname="uk.ac.ed.inf.OrderValidatorTest" time="0.001"/>
  <testcase name="testPizzaNotInRestaurant[71]" classname="uk.ac.ed.inf.OrderValidatorTest" time="0.001"/>
  <testcase name="testPizzaNotInRestaurant[72]" classname="uk.ac.ed.inf.OrderValidatorTest" time="0.001"/>
  <testcase name="testPizzaNotInRestaurant[73]" classname="uk.ac.ed.inf.OrderValidatorTest" time="0"/>
  <testcase name="testPizzaNotInRestaurant[74]" classname="uk.ac.ed.inf.OrderValidatorTest" time="0.001"/>
  <testcase name="testPizzaNotInRestaurant[75]" classname="uk.ac.ed.inf.OrderValidatorTest" time="0"/>
  <testcase name="testPizzaNotInRestaurant[76]" classname="uk.ac.ed.inf.OrderValidatorTest" time="0.001"/>
  <testcase name="testPizzaNotInRestaurant[77]" classname="uk.ac.ed.inf.OrderValidatorTest" time="0.001"/>
  <testcase name="testPizzaNotInRestaurant[78]" classname="uk.ac.ed.inf.OrderValidatorTest" time="0"/>
  <testcase name="testPizzaNotInRestaurant[79]" classname="uk.ac.ed.inf.OrderValidatorTest" time="0.001"/>
  <testcase name="testPizzaNotInRestaurant[80]" classname="uk.ac.ed.inf.OrderValidatorTest" time="0"/>
  <testcase name="testPizzaNotInRestaurant[81]" classname="uk.ac.ed.inf.OrderValidatorTest" time="0.001"/>
  <testcase name="testPizzaNotInRestaurant[82]" classname="uk.ac.ed.inf.OrderValidatorTest" time="0.001"/>
  <testcase name="testPizzaNotInRestaurant[83]" classname="uk.ac.ed.inf.OrderValidatorTest" time="0"/>
  <testcase name="testPizzaNotInRestaurant[84]" classname="uk.ac.ed.inf.OrderValidatorTest" time="0.001"/>
  <testcase name="testPizzaNotInRestaurant[85]" classname="uk.ac.ed.inf.OrderValidatorTest" time="0"/>
  <testcase name="testPizzaNotInRestaurant[86]" classname="uk.ac.ed.inf.OrderValidatorTest" time="0.001"/>
  <testcase name="testPizzaNotInRestaurant[87]" classname="uk.ac.ed.inf.OrderValidatorTest" time="0"/>
  <testcase name="testPizzaNotInRestaurant[88]" classname="uk.ac.ed.inf.OrderValidatorTest" time="0.001"/>
  <testcase name="testPizzaNotInRestaurant[89]" classname="uk.ac.ed.inf.OrderValidatorTest" time="0.001"/>
  <testcase name="testPizzaNotInRestaurant[90]" classname="uk.ac.ed.inf.OrderValidatorTest" time="0"/>
  <testcase name="testPizzaNotInRestaurant[91]" classname="uk.ac.ed.inf.OrderValidatorTest" time="0.001"/>
  <testcase name="testPizzaNotInRestaurant[92]" classname="uk.ac.ed.inf.OrderValidatorTest" time="0"/>
  <testcase name="testPizzaNotInRestaurant[93]" classname="uk.ac.ed.inf.OrderValidatorTest" time="0.001"/>
  <testcase name="testPizzaNotInRestaurant[94]" classname="uk.ac.ed.inf.OrderValidatorTest" time="0"/>
  <testcase name="testPizzaNotInRestaurant[95]" classname="uk.ac.ed.inf.OrderValidatorTest" time="0.001"/>
  <testcase name="testPizzaNotInRestaurant[96]" classname="uk.ac.ed.inf.OrderValidatorTest" time="0"/>
  <testcase name="testPizzaNotInRestaurant[97]" classname="uk.ac.ed.inf.OrderValidatorTest" time="0.001"/>
  <testcase name="testPizzaNotInRestaurant[98]" classname="uk.ac.ed.inf.OrderValidatorTest" time="0.001"/>
  <testcase name="testPizzaNotInRestaurant[99]" classname="uk.ac.ed.inf.OrderValidatorTest" time="0"/>
  <testcase name="testPizzaNotInRestaurant[100]" classname="uk.ac.ed.inf.OrderValidatorTest" time="0.001"/>
  <testcase name="testCreditCardNumberNull[1]" classname="uk.ac.ed.inf.OrderValidatorTest" time="0.001"/>
  <testcase name="testCreditCardNumberNull[2]" classname="uk.ac.ed.inf.OrderValidatorTest" time="0"/>
  <testcase name="testCreditCardNumberNull[3]" classname="uk.ac.ed.inf.OrderValidatorTest" time="0.001"/>
  <testcase name="testCreditCardNumberNull[4]" classname="uk.ac.ed.inf.OrderValidatorTest" time="0"/>
  <testcase name="testCreditCardNumberNull[5]" classname="uk.ac.ed.inf.OrderValidatorTest" time="0.001"/>
  <testcase name="testCreditCardNumberNull[6]" classname="uk.ac.ed.inf.OrderValidatorTest" time="0"/>
  <testcase name="testCreditCardNumberNull[7]" classname="uk.ac.ed.inf.OrderValidatorTest" time="0.001"/>
  <testcase name="testCreditCardNumberNull[8]" classname="uk.ac.ed.inf.OrderValidatorTest" time="0"/>
  <testcase name="testCreditCardNumberNull[9]" classname="uk.ac.ed.inf.OrderValidatorTest" time="0.001"/>
  <testcase name="testCreditCardNumberNull[10]" classname="uk.ac.ed.inf.OrderValidatorTest" time="0"/>
  <testcase name="testCreditCardNumberNull[11]" classname="uk.ac.ed.inf.OrderValidatorTest" time="0"/>
  <testcase name="testCreditCardNumberNull[12]" classname="uk.ac.ed.inf.OrderValidatorTest" time="0.001"/>
  <testcase name="testCreditCardNumberNull[13]" classname="uk.ac.ed.inf.OrderValidatorTest" time="0"/>
  <testcase name="testCreditCardNumberNull[14]" classname="uk.ac.ed.inf.OrderValidatorTest" time="0.001"/>
  <testcase name="testCreditCardNumberNull[15]" classname="uk.ac.ed.inf.OrderValidatorTest" time="0"/>
  <testcase name="testCreditCardNumberNull[16]" classname="uk.ac.ed.inf.OrderValidatorTest" time="0.001"/>
  <testcase name="testCreditCardNumberNull[17]" classname="uk.ac.ed.inf.OrderValidatorTest" time="0"/>
  <testcase name="testCreditCardNumberNull[18]" classname="uk.ac.ed.inf.OrderValidatorTest" time="0.001"/>
  <testcase name="testCreditCardNumberNull[19]" classname="uk.ac.ed.inf.OrderValidatorTest" time="0"/>
  <testcase name="testCreditCardNumberNull[20]" classname="uk.ac.ed.inf.OrderValidatorTest" time="0.001"/>
  <testcase name="testCreditCardNumberNull[21]" classname="uk.ac.ed.inf.OrderValidatorTest" time="0"/>
  <testcase name="testCreditCardNumberNull[22]" classname="uk.ac.ed.inf.OrderValidatorTest" time="0.001"/>
  <testcase name="testCreditCardNumberNull[23]" classname="uk.ac.ed.inf.OrderValidatorTest" time="0"/>
  <testcase name="testCreditCardNumberNull[24]" classname="uk.ac.ed.inf.OrderValidatorTest" time="0.001"/>
  <testcase name="testCreditCardNumberNull[25]" classname="uk.ac.ed.inf.OrderValidatorTest" time="0"/>
  <testcase name="testCreditCardNumberNull[26]" classname="uk.ac.ed.inf.OrderValidatorTest" time="0.001"/>
  <testcase name="testCreditCardNumberNull[27]" classname="uk.ac.ed.inf.OrderValidatorTest" time="0"/>
  <testcase name="testCreditCardNumberNull[28]" classname="uk.ac.ed.inf.OrderValidatorTest" time="0.001"/>
  <testcase name="testCreditCardNumberNull[29]" classname="uk.ac.ed.inf.OrderValidatorTest" time="0"/>
  <testcase name="testCreditCardNumberNull[30]" classname="uk.ac.ed.inf.OrderValidatorTest" time="0.001"/>
  <testcase name="testCreditCardNumberNull[31]" classname="uk.ac.ed.inf.OrderValidatorTest" time="0"/>
  <testcase name="testCreditCardNumberNull[32]" classname="uk.ac.ed.inf.OrderValidatorTest" time="0"/>
  <testcase name="testCreditCardNumberNull[33]" classname="uk.ac.ed.inf.OrderValidatorTest" time="0.001"/>
  <testcase name="testCreditCardNumberNull[34]" classname="uk.ac.ed.inf.OrderValidatorTest" time="0"/>
  <testcase name="testCreditCardNumberNull[35]" classname="uk.ac.ed.inf.OrderValidatorTest" time="0.001"/>
  <testcase name="testCreditCardNumberNull[36]" classname="uk.ac.ed.inf.OrderValidatorTest" time="0"/>
  <testcase name="testCreditCardNumberNull[37]" classname="uk.ac.ed.inf.OrderValidatorTest" time="0"/>
  <testcase name="testCreditCardNumberNull[38]" classname="uk.ac.ed.inf.OrderValidatorTest" time="0"/>
  <testcase name="testCreditCardNumberNull[39]" classname="uk.ac.ed.inf.OrderValidatorTest" time="0"/>
  <testcase name="testCreditCardNumberNull[40]" classname="uk.ac.ed.inf.OrderValidatorTest" time="0.001"/>
  <testcase name="testCreditCardNumberNull[41]" classname="uk.ac.ed.inf.OrderValidatorTest" time="0"/>
  <testcase name="testCreditCardNumberNull[42]" classname="uk.ac.ed.inf.OrderValidatorTest" time="0.001"/>
  <testcase name="testCreditCardNumberNull[43]" classname="uk.ac.ed.inf.OrderValidatorTest" time="0"/>
  <testcase name="testCreditCardNumberNull[44]" classname="uk.ac.ed.inf.OrderValidatorTest" time="0"/>
  <testcase name="testCreditCardNumberNull[45]" classname="uk.ac.ed.inf.OrderValidatorTest" time="0.001"/>
  <testcase name="testCreditCardNumberNull[46]" classname="uk.ac.ed.inf.OrderValidatorTest" time="0"/>
  <testcase name="testCreditCardNumberNull[47]" classname="uk.ac.ed.inf.OrderValidatorTest" time="0.001"/>
  <testcase name="testCreditCardNumberNull[48]" classname="uk.ac.ed.inf.OrderValidatorTest" time="0"/>
  <testcase name="testCreditCardNumberNull[49]" classname="uk.ac.ed.inf.OrderValidatorTest" time="0"/>
  <testcase name="testCreditCardNumberNull[50]" classname="uk.ac.ed.inf.OrderValidatorTest" time="0.001"/>
  <testcase name="testCreditCardNumberNull[51]" classname="uk.ac.ed.inf.OrderValidatorTest" time="0"/>
  <testcase name="testCreditCardNumberNull[52]" classname="uk.ac.ed.inf.OrderValidatorTest" time="0.001"/>
  <testcase name="testCreditCardNumberNull[53]" classname="uk.ac.ed.inf.OrderValidatorTest" time="0"/>
  <testcase name="testCreditCardNumberNull[54]" classname="uk.ac.ed.inf.OrderValidatorTest" time="0.001"/>
  <testcase name="testCreditCardNumberNull[55]" classname="uk.ac.ed.inf.OrderValidatorTest" time="0"/>
  <testcase name="testCreditCardNumberNull[56]" classname="uk.ac.ed.inf.OrderValidatorTest" time="0"/>
  <testcase name="testCreditCardNumberNull[57]" classname="uk.ac.ed.inf.OrderValidatorTest" time="0.001"/>
  <testcase name="testCreditCardNumberNull[58]" classname="uk.ac.ed.inf.OrderValidatorTest" time="0"/>
  <testcase name="testCreditCardNumberNull[59]" classname="uk.ac.ed.inf.OrderValidatorTest" time="0.001"/>
  <testcase name="testCreditCardNumberNull[60]" classname="uk.ac.ed.inf.OrderValidatorTest" time="0"/>
  <testcase name="testCreditCardNumberNull[61]" classname="uk.ac.ed.inf.OrderValidatorTest" time="0"/>
  <testcase name="testCreditCardNumberNull[62]" classname="uk.ac.ed.inf.OrderValidatorTest" time="0.001"/>
  <testcase name="testCreditCardNumberNull[63]" classname="uk.ac.ed.inf.OrderValidatorTest" time="0"/>
  <testcase name="testCreditCardNumberNull[64]" classname="uk.ac.ed.inf.OrderValidatorTest" time="0.001"/>
  <testcase name="testCreditCardNumberNull[65]" classname="uk.ac.ed.inf.OrderValidatorTest" time="0"/>
  <testcase name="testCreditCardNumberNull[66]" classname="uk.ac.ed.inf.OrderValidatorTest" time="0"/>
  <testcase name="testCreditCardNumberNull[67]" classname="uk.ac.ed.inf.OrderValidatorTest" time="0.001"/>
  <testcase name="testCreditCardNumberNull[68]" classname="uk.ac.ed.inf.OrderValidatorTest" time="0"/>
  <testcase name="testCreditCardNumberNull[69]" classname="uk.ac.ed.inf.OrderValidatorTest" time="0.001"/>
  <testcase name="testCreditCardNumberNull[70]" classname="uk.ac.ed.inf.OrderValidatorTest" time="0"/>
  <testcase name="testCreditCardNumberNull[71]" classname="uk.ac.ed.inf.OrderValidatorTest" time="0"/>
  <testcase name="testCreditCardNumberNull[72]" classname="uk.ac.ed.inf.OrderValidatorTest" time="0.001"/>
  <testcase name="testCreditCardNumberNull[73]" classname="uk.ac.ed.inf.OrderValidatorTest" time="0"/>
  <testcase name="testCreditCardNumberNull[74]" classname="uk.ac.ed.inf.OrderValidatorTest" time="0.001"/>
  <testcase name="testCreditCardNumberNull[75]" classname="uk.ac.ed.inf.OrderValidatorTest" time="0"/>
  <testcase name="testCreditCardNumberNull[76]" classname="uk.ac.ed.inf.OrderValidatorTest" time="0.001"/>
  <testcase name="testCreditCardNumberNull[77]" classname="uk.ac.ed.inf.OrderValidatorTest" time="0"/>
  <testcase name="testCreditCardNumberNull[78]" classname="uk.ac.ed.inf.OrderValidatorTest" time="0"/>
  <testcase name="testCreditCardNumberNull[79]" classname="uk.ac.ed.inf.OrderValidatorTest" time="0.001"/>
  <testcase name="testCreditCardNumberNull[80]" classname="uk.ac.ed.inf.OrderValidatorTest" time="0"/>
  <testcase name="testCreditCardNumberNull[81]" classname="uk.ac.ed.inf.OrderValidatorTest" time="0.001"/>
  <testcase name="testCreditCardNumberNull[82]" classname="uk.ac.ed.inf.OrderValidatorTest" time="0"/>
  <testcase name="testCreditCardNumberNull[83]" classname="uk.ac.ed.inf.OrderValidatorTest" time="0.001"/>
  <testcase name="testCreditCardNumberNull[84]" classname="uk.ac.ed.inf.OrderValidatorTest" time="0"/>
  <testcase name="testCreditCardNumberNull[85]" classname="uk.ac.ed.inf.OrderValidatorTest" time="0.001"/>
  <testcase name="testCreditCardNumberNull[86]" classname="uk.ac.ed.inf.OrderValidatorTest" time="0"/>
  <testcase name="testCreditCardNumberNull[87]" classname="uk.ac.ed.inf.OrderValidatorTest" time="0.001"/>
  <testcase name="testCreditCardNumberNull[88]" classname="uk.ac.ed.inf.OrderValidatorTest" time="0"/>
  <testcase name="testCreditCardNumberNull[89]" classname="uk.ac.ed.inf.OrderValidatorTest" time="0.001"/>
  <testcase name="testCreditCardNumberNull[90]" classname="uk.ac.ed.inf.OrderValidatorTest" time="0"/>
  <testcase name="testCreditCardNumberNull[91]" classname="uk.ac.ed.inf.OrderValidatorTest" time="0.001"/>
  <testcase name="testCreditCardNumberNull[92]" classname="uk.ac.ed.inf.OrderValidatorTest" time="0"/>
  <testcase name="testCreditCardNumberNull[93]" classname="uk.ac.ed.inf.OrderValidatorTest" time="0"/>
  <testcase name="testCreditCardNumberNull[94]" classname="uk.ac.ed.inf.OrderValidatorTest" time="0.001"/>
  <testcase name="testCreditCardNumberNull[95]" classname="uk.ac.ed.inf.OrderValidatorTest" time="0"/>
  <testcase name="testCreditCardNumberNull[96]" classname="uk.ac.ed.inf.OrderValidatorTest" time="0.001"/>
  <testcase name="testCreditCardNumberNull[97]" classname="uk.ac.ed.inf.OrderValidatorTest" time="0"/>
  <testcase name="testCreditCardNumberNull[98]" classname="uk.ac.ed.inf.OrderValidatorTest" time="0"/>
  <testcase name="testCreditCardNumberNull[99]" classname="uk.ac.ed.inf.OrderValidatorTest" time="0.001"/>
  <testcase name="testCreditCardNumberNull[100]" classname="uk.ac.ed.inf.OrderValidatorTest" time="0"/>
  <testcase name="testCreditCardCExpiryDateDigits[1]" classname="uk.ac.ed.inf.OrderValidatorTest" time="0.002"/>
  <testcase name="testCreditCardCExpiryDateDigits[2]" classname="uk.ac.ed.inf.OrderValidatorTest" time="0"/>
  <testcase name="testCreditCardCExpiryDateDigits[3]" classname="uk.ac.ed.inf.OrderValidatorTest" time="0.001"/>
  <testcase name="testCreditCardCExpiryDateDigits[4]" classname="uk.ac.ed.inf.OrderValidatorTest" time="0"/>
  <testcase name="testCreditCardCExpiryDateDigits[5]" classname="uk.ac.ed.inf.OrderValidatorTest" time="0.001"/>
  <testcase name="testCreditCardCExpiryDateDigits[6]" classname="uk.ac.ed.inf.OrderValidatorTest" time="0"/>
  <testcase name="testCreditCardCExpiryDateDigits[7]" classname="uk.ac.ed.inf.OrderValidatorTest" time="0.001"/>
  <testcase name="testCreditCardCExpiryDateDigits[8]" classname="uk.ac.ed.inf.OrderValidatorTest" time="0"/>
  <testcase name="testCreditCardCExpiryDateDigits[9]" classname="uk.ac.ed.inf.OrderValidatorTest" time="0.001"/>
  <testcase name="testCreditCardCExpiryDateDigits[10]" classname="uk.ac.ed.inf.OrderValidatorTest" time="0"/>
  <testcase name="testCreditCardCExpiryDateDigits[11]" classname="uk.ac.ed.inf.OrderValidatorTest" time="0.001"/>
  <testcase name="testCreditCardCExpiryDateDigits[12]" classname="uk.ac.ed.inf.OrderValidatorTest" time="0"/>
  <testcase name="testCreditCardCExpiryDateDigits[13]" classname="uk.ac.ed.inf.OrderValidatorTest" time="0"/>
  <testcase name="testCreditCardCExpiryDateDigits[14]" classname="uk.ac.ed.inf.OrderValidatorTest" time="0.001"/>
  <testcase name="testCreditCardCExpiryDateDigits[15]" classname="uk.ac.ed.inf.OrderValidatorTest" time="0"/>
  <testcase name="testCreditCardCExpiryDateDigits[16]" classname="uk.ac.ed.inf.OrderValidatorTest" time="0"/>
  <testcase name="testCreditCardCExpiryDateDigits[17]" classname="uk.ac.ed.inf.OrderValidatorTest" time="0.001"/>
  <testcase name="testCreditCardCExpiryDateDigits[18]" classname="uk.ac.ed.inf.OrderValidatorTest" time="0.001"/>
  <testcase name="testCreditCardCExpiryDateDigits[19]" classname="uk.ac.ed.inf.OrderValidatorTest" time="0"/>
  <testcase name="testCreditCardCExpiryDateDigits[20]" classname="uk.ac.ed.inf.OrderValidatorTest" time="0"/>
  <testcase name="testCreditCardCExpiryDateDigits[21]" classname="uk.ac.ed.inf.OrderValidatorTest" time="0.001"/>
  <testcase name="testCreditCardCExpiryDateDigits[22]" classname="uk.ac.ed.inf.OrderValidatorTest" time="0"/>
  <testcase name="testCreditCardCExpiryDateDigits[23]" classname="uk.ac.ed.inf.OrderValidatorTest" time="0.001"/>
  <testcase name="testCreditCardCExpiryDateDigits[24]" classname="uk.ac.ed.inf.OrderValidatorTest" time="0.001"/>
  <testcase name="testCreditCardCExpiryDateDigits[25]" classname="uk.ac.ed.inf.OrderValidatorTest" time="0"/>
  <testcase name="testCreditCardCExpiryDateDigits[26]" classname="uk.ac.ed.inf.OrderValidatorTest" time="0"/>
  <testcase name="testCreditCardCExpiryDateDigits[27]" classname="uk.ac.ed.inf.OrderValidatorTest" time="0.001"/>
  <testcase name="testCreditCardCExpiryDateDigits[28]" classname="uk.ac.ed.inf.OrderValidatorTest" time="0"/>
  <testcase name="testCreditCardCExpiryDateDigits[29]" classname="uk.ac.ed.inf.OrderValidatorTest" time="0.001"/>
  <testcase name="testCreditCardCExpiryDateDigits[30]" classname="uk.ac.ed.inf.OrderValidatorTest" time="0"/>
  <testcase name="testCreditCardCExpiryDateDigits[31]" classname="uk.ac.ed.inf.OrderValidatorTest" time="0"/>
  <testcase name="testCreditCardCExpiryDateDigits[32]" classname="uk.ac.ed.inf.OrderValidatorTest" time="0.001"/>
  <testcase name="testCreditCardCExpiryDateDigits[33]" classname="uk.ac.ed.inf.OrderValidatorTest" time="0"/>
  <testcase name="testCreditCardCExpiryDateDigits[34]" classname="uk.ac.ed.inf.OrderValidatorTest" time="0"/>
  <testcase name="testCreditCardCExpiryDateDigits[35]" classname="uk.ac.ed.inf.OrderValidatorTest" time="0.001"/>
  <testcase name="testCreditCardCExpiryDateDigits[36]" classname="uk.ac.ed.inf.OrderValidatorTest" time="0"/>
  <testcase name="testCreditCardCExpiryDateDigits[37]" classname="uk.ac.ed.inf.OrderValidatorTest" time="0.001"/>
  <testcase name="testCreditCardCExpiryDateDigits[38]" classname="uk.ac.ed.inf.OrderValidatorTest" time="0"/>
  <testcase name="testCreditCardCExpiryDateDigits[39]" classname="uk.ac.ed.inf.OrderValidatorTest" time="0"/>
  <testcase name="testCreditCardCExpiryDateDigits[40]" classname="uk.ac.ed.inf.OrderValidatorTest" time="0.001"/>
  <testcase name="testCreditCardCExpiryDateDigits[41]" classname="uk.ac.ed.inf.OrderValidatorTest" time="0"/>
  <testcase name="testCreditCardCExpiryDateDigits[42]" classname="uk.ac.ed.inf.OrderValidatorTest" time="0"/>
  <testcase name="testCreditCardCExpiryDateDigits[43]" classname="uk.ac.ed.inf.OrderValidatorTest" time="0.001"/>
  <testcase name="testCreditCardCExpiryDateDigits[44]" classname="uk.ac.ed.inf.OrderValidatorTest" time="0"/>
  <testcase name="testCreditCardCExpiryDateDigits[45]" classname="uk.ac.ed.inf.OrderValidatorTest" time="0.001"/>
  <testcase name="testCreditCardCExpiryDateDigits[46]" classname="uk.ac.ed.inf.OrderValidatorTest" time="0"/>
  <testcase name="testCreditCardCExpiryDateDigits[47]" classname="uk.ac.ed.inf.OrderValidatorTest" time="0"/>
  <testcase name="testCreditCardCExpiryDateDigits[48]" classname="uk.ac.ed.inf.OrderValidatorTest" time="0.001"/>
  <testcase name="testCreditCardCExpiryDateDigits[49]" classname="uk.ac.ed.inf.OrderValidatorTest" time="0"/>
  <testcase name="testCreditCardCExpiryDateDigits[50]" classname="uk.ac.ed.inf.OrderValidatorTest" time="0.001"/>
  <testcase name="testCreditCardCExpiryDateDigits[51]" classname="uk.ac.ed.inf.OrderValidatorTest" time="0"/>
  <testcase name="testCreditCardCExpiryDateDigits[52]" classname="uk.ac.ed.inf.OrderValidatorTest" time="0.001"/>
  <testcase name="testCreditCardCExpiryDateDigits[53]" classname="uk.ac.ed.inf.OrderValidatorTest" time="0"/>
  <testcase name="testCreditCardCExpiryDateDigits[54]" classname="uk.ac.ed.inf.OrderValidatorTest" time="0"/>
  <testcase name="testCreditCardCExpiryDateDigits[55]" classname="uk.ac.ed.inf.OrderValidatorTest" time="0.001"/>
  <testcase name="testCreditCardCExpiryDateDigits[56]" classname="uk.ac.ed.inf.OrderValidatorTest" time="0"/>
  <testcase name="testCreditCardCExpiryDateDigits[57]" classname="uk.ac.ed.inf.OrderValidatorTest" time="0.001"/>
  <testcase name="testCreditCardCExpiryDateDigits[58]" classname="uk.ac.ed.inf.OrderValidatorTest" time="0"/>
  <testcase name="testCreditCardCExpiryDateDigits[59]" classname="uk.ac.ed.inf.OrderValidatorTest" time="0.001"/>
  <testcase name="testCreditCardCExpiryDateDigits[60]" classname="uk.ac.ed.inf.OrderValidatorTest" time="0"/>
  <testcase name="testCreditCardCExpiryDateDigits[61]" classname="uk.ac.ed.inf.OrderValidatorTest" time="0"/>
  <testcase name="testCreditCardCExpiryDateDigits[62]" classname="uk.ac.ed.inf.OrderValidatorTest" time="0.001"/>
  <testcase name="testCreditCardCExpiryDateDigits[63]" classname="uk.ac.ed.inf.OrderValidatorTest" time="0"/>
  <testcase name="testCreditCardCExpiryDateDigits[64]" classname="uk.ac.ed.inf.OrderValidatorTest" time="0"/>
  <testcase name="testCreditCardCExpiryDateDigits[65]" classname="uk.ac.ed.inf.OrderValidatorTest" time="0.001"/>
  <testcase name="testCreditCardCExpiryDateDigits[66]" classname="uk.ac.ed.inf.OrderValidatorTest" time="0"/>
  <testcase name="testCreditCardCExpiryDateDigits[67]" classname="uk.ac.ed.inf.OrderValidatorTest" time="0.001"/>
  <testcase name="testCreditCardCExpiryDateDigits[68]" classname="uk.ac.ed.inf.OrderValidatorTest" time="0"/>
  <testcase name="testCreditCardCExpiryDateDigits[69]" classname="uk.ac.ed.inf.OrderValidatorTest" time="0"/>
  <testcase name="testCreditCardCExpiryDateDigits[70]" classname="uk.ac.ed.inf.OrderValidatorTest" time="0.001"/>
  <testcase name="testCreditCardCExpiryDateDigits[71]" classname="uk.ac.ed.inf.OrderValidatorTest" time="0"/>
  <testcase name="testCreditCardCExpiryDateDigits[72]" classname="uk.ac.ed.inf.OrderValidatorTest" time="0.001"/>
  <testcase name="testCreditCardCExpiryDateDigits[73]" classname="uk.ac.ed.inf.OrderValidatorTest" time="0"/>
  <testcase name="testCreditCardCExpiryDateDigits[74]" classname="uk.ac.ed.inf.OrderValidatorTest" time="0"/>
  <testcase name="testCreditCardCExpiryDateDigits[75]" classname="uk.ac.ed.inf.OrderValidatorTest" time="0.001"/>
  <testcase name="testCreditCardCExpiryDateDigits[76]" classname="uk.ac.ed.inf.OrderValidatorTest" time="0"/>
  <testcase name="testCreditCardCExpiryDateDigits[77]" classname="uk.ac.ed.inf.OrderValidatorTest" time="0"/>
  <testcase name="testCreditCardCExpiryDateDigits[78]" classname="uk.ac.ed.inf.OrderValidatorTest" time="0.001"/>
  <testcase name="testCreditCardCExpiryDateDigits[79]" classname="uk.ac.ed.inf.OrderValidatorTest" time="0"/>
  <testcase name="testCreditCardCExpiryDateDigits[80]" classname="uk.ac.ed.inf.OrderValidatorTest" time="0.001"/>
  <testcase name="testCreditCardCExpiryDateDigits[81]" classname="uk.ac.ed.inf.OrderValidatorTest" time="0"/>
  <testcase name="testCreditCardCExpiryDateDigits[82]" classname="uk.ac.ed.inf.OrderValidatorTest" time="0"/>
  <testcase name="testCreditCardCExpiryDateDigits[83]" classname="uk.ac.ed.inf.OrderValidatorTest" time="0.001"/>
  <testcase name="testCreditCardCExpiryDateDigits[84]" classname="uk.ac.ed.inf.OrderValidatorTest" time="0"/>
  <testcase name="testCreditCardCExpiryDateDigits[85]" classname="uk.ac.ed.inf.OrderValidatorTest" time="0.001"/>
  <testcase name="testCreditCardCExpiryDateDigits[86]" classname="uk.ac.ed.inf.OrderValidatorTest" time="0"/>
  <testcase name="testCreditCardCExpiryDateDigits[87]" classname="uk.ac.ed.inf.OrderValidatorTest" time="0.001"/>
  <testcase name="testCreditCardCExpiryDateDigits[88]" classname="uk.ac.ed.inf.OrderValidatorTest" time="0"/>
  <testcase name="testCreditCardCExpiryDateDigits[89]" classname="uk.ac.ed.inf.OrderValidatorTest" time="0.001"/>
  <testcase name="testCreditCardCExpiryDateDigits[90]" classname="uk.ac.ed.inf.OrderValidatorTest" time="0"/>
  <testcase name="testCreditCardCExpiryDateDigits[91]" classname="uk.ac.ed.inf.OrderValidatorTest" time="0"/>
  <testcase name="testCreditCardCExpiryDateDigits[92]" classname="uk.ac.ed.inf.OrderValidatorTest" time="0.001"/>
  <testcase name="testCreditCardCExpiryDateDigits[93]" classname="uk.ac.ed.inf.OrderValidatorTest" time="0"/>
  <testcase name="testCreditCardCExpiryDateDigits[94]" classname="uk.ac.ed.inf.OrderValidatorTest" time="0.001"/>
  <testcase name="testCreditCardCExpiryDateDigits[95]" classname="uk.ac.ed.inf.OrderValidatorTest" time="0"/>
  <testcase name="testCreditCardCExpiryDateDigits[96]" classname="uk.ac.ed.inf.OrderValidatorTest" time="0"/>
  <testcase name="testCreditCardCExpiryDateDigits[97]" classname="uk.ac.ed.inf.OrderValidatorTest" time="0.001"/>
  <testcase name="testCreditCardCExpiryDateDigits[98]" classname="uk.ac.ed.inf.OrderValidatorTest" time="0"/>
  <testcase name="testCreditCardCExpiryDateDigits[99]" classname="uk.ac.ed.inf.OrderValidatorTest" time="0.001"/>
  <testcase name="testCreditCardCExpiryDateDigits[100]" classname="uk.ac.ed.inf.OrderValidatorTest" time="0"/>
  <testcase name="testCreditCardExpiryDateNull[1]" classname="uk.ac.ed.inf.OrderValidatorTest" time="0"/>
  <testcase name="testCreditCardExpiryDateNull[2]" classname="uk.ac.ed.inf.OrderValidatorTest" time="0.001"/>
  <testcase name="testCreditCardExpiryDateNull[3]" classname="uk.ac.ed.inf.OrderValidatorTest" time="0"/>
  <testcase name="testCreditCardExpiryDateNull[4]" classname="uk.ac.ed.inf.OrderValidatorTest" time="0"/>
  <testcase name="testCreditCardExpiryDateNull[5]" classname="uk.ac.ed.inf.OrderValidatorTest" time="0.001"/>
  <testcase name="testCreditCardExpiryDateNull[6]" classname="uk.ac.ed.inf.OrderValidatorTest" time="0"/>
  <testcase name="testCreditCardExpiryDateNull[7]" classname="uk.ac.ed.inf.OrderValidatorTest" time="0.001"/>
  <testcase name="testCreditCardExpiryDateNull[8]" classname="uk.ac.ed.inf.OrderValidatorTest" time="0"/>
  <testcase name="testCreditCardExpiryDateNull[9]" classname="uk.ac.ed.inf.OrderValidatorTest" time="0"/>
  <testcase name="testCreditCardExpiryDateNull[10]" classname="uk.ac.ed.inf.OrderValidatorTest" time="0"/>
  <testcase name="testCreditCardExpiryDateNull[11]" classname="uk.ac.ed.inf.OrderValidatorTest" time="0.001"/>
  <testcase name="testCreditCardExpiryDateNull[12]" classname="uk.ac.ed.inf.OrderValidatorTest" time="0"/>
  <testcase name="testCreditCardExpiryDateNull[13]" classname="uk.ac.ed.inf.OrderValidatorTest" time="0.001"/>
  <testcase name="testCreditCardExpiryDateNull[14]" classname="uk.ac.ed.inf.OrderValidatorTest" time="0"/>
  <testcase name="testCreditCardExpiryDateNull[15]" classname="uk.ac.ed.inf.OrderValidatorTest" time="0"/>
  <testcase name="testCreditCardExpiryDateNull[16]" classname="uk.ac.ed.inf.OrderValidatorTest" time="0.001"/>
  <testcase name="testCreditCardExpiryDateNull[17]" classname="uk.ac.ed.inf.OrderValidatorTest" time="0"/>
  <testcase name="testCreditCardExpiryDateNull[18]" classname="uk.ac.ed.inf.OrderValidatorTest" time="0"/>
  <testcase name="testCreditCardExpiryDateNull[19]" classname="uk.ac.ed.inf.OrderValidatorTest" time="0.001"/>
  <testcase name="testCreditCardExpiryDateNull[20]" classname="uk.ac.ed.inf.OrderValidatorTest" time="0"/>
  <testcase name="testCreditCardExpiryDateNull[21]" classname="uk.ac.ed.inf.OrderValidatorTest" time="0"/>
  <testcase name="testCreditCardExpiryDateNull[22]" classname="uk.ac.ed.inf.OrderValidatorTest" time="0.001"/>
  <testcase name="testCreditCardExpiryDateNull[23]" classname="uk.ac.ed.inf.OrderValidatorTest" time="0"/>
  <testcase name="testCreditCardExpiryDateNull[24]" classname="uk.ac.ed.inf.OrderValidatorTest" time="0.001"/>
  <testcase name="testCreditCardExpiryDateNull[25]" classname="uk.ac.ed.inf.OrderValidatorTest" time="0"/>
  <testcase name="testCreditCardExpiryDateNull[26]" classname="uk.ac.ed.inf.OrderValidatorTest" time="0"/>
  <testcase name="testCreditCardExpiryDateNull[27]" classname="uk.ac.ed.inf.OrderValidatorTest" time="0.001"/>
  <testcase name="testCreditCardExpiryDateNull[28]" classname="uk.ac.ed.inf.OrderValidatorTest" time="0"/>
  <testcase name="testCreditCardExpiryDateNull[29]" classname="uk.ac.ed.inf.OrderValidatorTest" time="0"/>
  <testcase name="testCreditCardExpiryDateNull[30]" classname="uk.ac.ed.inf.OrderValidatorTest" time="0.001"/>
  <testcase name="testCreditCardExpiryDateNull[31]" classname="uk.ac.ed.inf.OrderValidatorTest" time="0"/>
  <testcase name="testCreditCardExpiryDateNull[32]" classname="uk.ac.ed.inf.OrderValidatorTest" time="0"/>
  <testcase name="testCreditCardExpiryDateNull[33]" classname="uk.ac.ed.inf.OrderValidatorTest" time="0.001"/>
  <testcase name="testCreditCardExpiryDateNull[34]" classname="uk.ac.ed.inf.OrderValidatorTest" time="0"/>
  <testcase name="testCreditCardExpiryDateNull[35]" classname="uk.ac.ed.inf.OrderValidatorTest" time="0"/>
  <testcase name="testCreditCardExpiryDateNull[36]" classname="uk.ac.ed.inf.OrderValidatorTest" time="0.001"/>
  <testcase name="testCreditCardExpiryDateNull[37]" classname="uk.ac.ed.inf.OrderValidatorTest" time="0"/>
  <testcase name="testCreditCardExpiryDateNull[38]" classname="uk.ac.ed.inf.OrderValidatorTest" time="0"/>
  <testcase name="testCreditCardExpiryDateNull[39]" classname="uk.ac.ed.inf.OrderValidatorTest" time="0.001"/>
  <testcase name="testCreditCardExpiryDateNull[40]" classname="uk.ac.ed.inf.OrderValidatorTest" time="0"/>
  <testcase name="testCreditCardExpiryDateNull[41]" classname="uk.ac.ed.inf.OrderValidatorTest" time="0"/>
  <testcase name="testCreditCardExpiryDateNull[42]" classname="uk.ac.ed.inf.OrderValidatorTest" time="0.001"/>
  <testcase name="testCreditCardExpiryDateNull[43]" classname="uk.ac.ed.inf.OrderValidatorTest" time="0"/>
  <testcase name="testCreditCardExpiryDateNull[44]" classname="uk.ac.ed.inf.OrderValidatorTest" time="0"/>
  <testcase name="testCreditCardExpiryDateNull[45]" classname="uk.ac.ed.inf.OrderValidatorTest" time="0.001"/>
  <testcase name="testCreditCardExpiryDateNull[46]" classname="uk.ac.ed.inf.OrderValidatorTest" time="0"/>
  <testcase name="testCreditCardExpiryDateNull[47]" classname="uk.ac.ed.inf.OrderValidatorTest" time="0"/>
  <testcase name="testCreditCardExpiryDateNull[48]" classname="uk.ac.ed.inf.OrderValidatorTest" time="0.001"/>
  <testcase name="testCreditCardExpiryDateNull[49]" classname="uk.ac.ed.inf.OrderValidatorTest" time="0"/>
  <testcase name="testCreditCardExpiryDateNull[50]" classname="uk.ac.ed.inf.OrderValidatorTest" time="0.001"/>
  <testcase name="testCreditCardExpiryDateNull[51]" classname="uk.ac.ed.inf.OrderValidatorTest" time="0"/>
  <testcase name="testCreditCardExpiryDateNull[52]" classname="uk.ac.ed.inf.OrderValidatorTest" time="0"/>
  <testcase name="testCreditCardExpiryDateNull[53]" classname="uk.ac.ed.inf.OrderValidatorTest" time="0.001"/>
  <testcase name="testCreditCardExpiryDateNull[54]" classname="uk.ac.ed.inf.OrderValidatorTest" time="0"/>
  <testcase name="testCreditCardExpiryDateNull[55]" classname="uk.ac.ed.inf.OrderValidatorTest" time="0"/>
  <testcase name="testCreditCardExpiryDateNull[56]" classname="uk.ac.ed.inf.OrderValidatorTest" time="0.001"/>
  <testcase name="testCreditCardExpiryDateNull[57]" classname="uk.ac.ed.inf.OrderValidatorTest" time="0"/>
  <testcase name="testCreditCardExpiryDateNull[58]" classname="uk.ac.ed.inf.OrderValidatorTest" time="0"/>
  <testcase name="testCreditCardExpiryDateNull[59]" classname="uk.ac.ed.inf.OrderValidatorTest" time="0.001"/>
  <testcase name="testCreditCardExpiryDateNull[60]" classname="uk.ac.ed.inf.OrderValidatorTest" time="0"/>
  <testcase name="testCreditCardExpiryDateNull[61]" classname="uk.ac.ed.inf.OrderValidatorTest" time="0"/>
  <testcase name="testCreditCardExpiryDateNull[62]" classname="uk.ac.ed.inf.OrderValidatorTest" time="0.001"/>
  <testcase name="testCreditCardExpiryDateNull[63]" classname="uk.ac.ed.inf.OrderValidatorTest" time="0"/>
  <testcase name="testCreditCardExpiryDateNull[64]" classname="uk.ac.ed.inf.OrderValidatorTest" time="0"/>
  <testcase name="testCreditCardExpiryDateNull[65]" classname="uk.ac.ed.inf.OrderValidatorTest" time="0.001"/>
  <testcase name="testCreditCardExpiryDateNull[66]" classname="uk.ac.ed.inf.OrderValidatorTest" time="0"/>
  <testcase name="testCreditCardExpiryDateNull[67]" classname="uk.ac.ed.inf.OrderValidatorTest" time="0"/>
  <testcase name="testCreditCardExpiryDateNull[68]" classname="uk.ac.ed.inf.OrderValidatorTest" time="0.001"/>
  <testcase name="testCreditCardExpiryDateNull[69]" classname="uk.ac.ed.inf.OrderValidatorTest" time="0"/>
  <testcase name="testCreditCardExpiryDateNull[70]" classname="uk.ac.ed.inf.OrderValidatorTest" time="0"/>
  <testcase name="testCreditCardExpiryDateNull[71]" classname="uk.ac.ed.inf.OrderValidatorTest" time="0.001"/>
  <testcase name="testCreditCardExpiryDateNull[72]" classname="uk.ac.ed.inf.OrderValidatorTest" time="0"/>
  <testcase name="testCreditCardExpiryDateNull[73]" classname="uk.ac.ed.inf.OrderValidatorTest" time="0"/>
  <testcase name="testCreditCardExpiryDateNull[74]" classname="uk.ac.ed.inf.OrderValidatorTest" time="0.001"/>
  <testcase name="testCreditCardExpiryDateNull[75]" classname="uk.ac.ed.inf.OrderValidatorTest" time="0"/>
  <testcase name="testCreditCardExpiryDateNull[76]" classname="uk.ac.ed.inf.OrderValidatorTest" time="0"/>
  <testcase name="testCreditCardExpiryDateNull[77]" classname="uk.ac.ed.inf.OrderValidatorTest" time="0.001"/>
  <testcase name="testCreditCardExpiryDateNull[78]" classname="uk.ac.ed.inf.OrderValidatorTest" time="0"/>
  <testcase name="testCreditCardExpiryDateNull[79]" classname="uk.ac.ed.inf.OrderValidatorTest" time="0"/>
  <testcase name="testCreditCardExpiryDateNull[80]" classname="uk.ac.ed.inf.OrderValidatorTest" time="0.001"/>
  <testcase name="testCreditCardExpiryDateNull[81]" classname="uk.ac.ed.inf.OrderValidatorTest" time="0"/>
  <testcase name="testCreditCardExpiryDateNull[82]" classname="uk.ac.ed.inf.OrderValidatorTest" time="0"/>
  <testcase name="testCreditCardExpiryDateNull[83]" classname="uk.ac.ed.inf.OrderValidatorTest" time="0.001"/>
  <testcase name="testCreditCardExpiryDateNull[84]" classname="uk.ac.ed.inf.OrderValidatorTest" time="0"/>
  <testcase name="testCreditCardExpiryDateNull[85]" classname="uk.ac.ed.inf.OrderValidatorTest" time="0"/>
  <testcase name="testCreditCardExpiryDateNull[86]" classname="uk.ac.ed.inf.OrderValidatorTest" time="0.001"/>
  <testcase name="testCreditCardExpiryDateNull[87]" classname="uk.ac.ed.inf.OrderValidatorTest" time="0"/>
  <testcase name="testCreditCardExpiryDateNull[88]" classname="uk.ac.ed.inf.OrderValidatorTest" time="0"/>
  <testcase name="testCreditCardExpiryDateNull[89]" classname="uk.ac.ed.inf.OrderValidatorTest" time="0.001"/>
  <testcase name="testCreditCardExpiryDateNull[90]" classname="uk.ac.ed.inf.OrderValidatorTest" time="0"/>
  <testcase name="testCreditCardExpiryDateNull[91]" classname="uk.ac.ed.inf.OrderValidatorTest" time="0.001"/>
  <testcase name="testCreditCardExpiryDateNull[92]" classname="uk.ac.ed.inf.OrderValidatorTest" time="0"/>
  <testcase name="testCreditCardExpiryDateNull[93]" classname="uk.ac.ed.inf.OrderValidatorTest" time="0"/>
  <testcase name="testCreditCardExpiryDateNull[94]" classname="uk.ac.ed.inf.OrderValidatorTest" time="0.001"/>
  <testcase name="testCreditCardExpiryDateNull[95]" classname="uk.ac.ed.inf.OrderValidatorTest" time="0"/>
  <testcase name="testCreditCardExpiryDateNull[96]" classname="uk.ac.ed.inf.OrderValidatorTest" time="0"/>
  <testcase name="testCreditCardExpiryDateNull[97]" classname="uk.ac.ed.inf.OrderValidatorTest" time="0"/>
  <testcase name="testCreditCardExpiryDateNull[98]" classname="uk.ac.ed.inf.OrderValidatorTest" time="0.001"/>
  <testcase name="testCreditCardExpiryDateNull[99]" classname="uk.ac.ed.inf.OrderValidatorTest" time="0"/>
  <testcase name="testCreditCardExpiryDateNull[100]" classname="uk.ac.ed.inf.OrderValidatorTest" time="0"/>
  <testcase name="testCreditCardCExpiryDateInPast[1]" classname="uk.ac.ed.inf.OrderValidatorTest" time="0.001"/>
  <testcase name="testCreditCardCExpiryDateInPast[2]" classname="uk.ac.ed.inf.OrderValidatorTest" time="0"/>
  <testcase name="testCreditCardCExpiryDateInPast[3]" classname="uk.ac.ed.inf.OrderValidatorTest" time="0.001"/>
  <testcase name="testCreditCardCExpiryDateInPast[4]" classname="uk.ac.ed.inf.OrderValidatorTest" time="0"/>
  <testcase name="testCreditCardCExpiryDateInPast[5]" classname="uk.ac.ed.inf.OrderValidatorTest" time="0"/>
  <testcase name="testCreditCardCExpiryDateInPast[6]" classname="uk.ac.ed.inf.OrderValidatorTest" time="0.001"/>
  <testcase name="testCreditCardCExpiryDateInPast[7]" classname="uk.ac.ed.inf.OrderValidatorTest" time="0"/>
  <testcase name="testCreditCardCExpiryDateInPast[8]" classname="uk.ac.ed.inf.OrderValidatorTest" time="0"/>
  <testcase name="testCreditCardCExpiryDateInPast[9]" classname="uk.ac.ed.inf.OrderValidatorTest" time="0.001"/>
  <testcase name="testCreditCardCExpiryDateInPast[10]" classname="uk.ac.ed.inf.OrderValidatorTest" time="0"/>
  <testcase name="testCreditCardCExpiryDateInPast[11]" classname="uk.ac.ed.inf.OrderValidatorTest" time="0"/>
  <testcase name="testCreditCardCExpiryDateInPast[12]" classname="uk.ac.ed.inf.OrderValidatorTest" time="0.001"/>
  <testcase name="testCreditCardCExpiryDateInPast[13]" classname="uk.ac.ed.inf.OrderValidatorTest" time="0"/>
  <testcase name="testCreditCardCExpiryDateInPast[14]" classname="uk.ac.ed.inf.OrderValidatorTest" time="0"/>
  <testcase name="testCreditCardCExpiryDateInPast[15]" classname="uk.ac.ed.inf.OrderValidatorTest" time="0.001"/>
  <testcase name="testCreditCardCExpiryDateInPast[16]" classname="uk.ac.ed.inf.OrderValidatorTest" time="0"/>
  <testcase name="testCreditCardCExpiryDateInPast[17]" classname="uk.ac.ed.inf.OrderValidatorTest" time="0"/>
  <testcase name="testCreditCardCExpiryDateInPast[18]" classname="uk.ac.ed.inf.OrderValidatorTest" time="0.001"/>
  <testcase name="testCreditCardCExpiryDateInPast[19]" classname="uk.ac.ed.inf.OrderValidatorTest" time="0"/>
  <testcase name="testCreditCardCExpiryDateInPast[20]" classname="uk.ac.ed.inf.OrderValidatorTest" time="0"/>
  <testcase name="testCreditCardCExpiryDateInPast[21]" classname="uk.ac.ed.inf.OrderValidatorTest" time="0.001"/>
  <testcase name="testCreditCardCExpiryDateInPast[22]" classname="uk.ac.ed.inf.OrderValidatorTest" time="0"/>
  <testcase name="testCreditCardCExpiryDateInPast[23]" classname="uk.ac.ed.inf.OrderValidatorTest" time="0"/>
  <testcase name="testCreditCardCExpiryDateInPast[24]" classname="uk.ac.ed.inf.OrderValidatorTest" time="0.001"/>
  <testcase name="testCreditCardCExpiryDateInPast[25]" classname="uk.ac.ed.inf.OrderValidatorTest" time="0"/>
  <testcase name="testCreditCardCExpiryDateInPast[26]" classname="uk.ac.ed.inf.OrderValidatorTest" time="0"/>
  <testcase name="testCreditCardCExpiryDateInPast[27]" classname="uk.ac.ed.inf.OrderValidatorTest" time="0.001"/>
  <testcase name="testCreditCardCExpiryDateInPast[28]" classname="uk.ac.ed.inf.OrderValidatorTest" time="0"/>
  <testcase name="testCreditCardCExpiryDateInPast[29]" classname="uk.ac.ed.inf.OrderValidatorTest" time="0"/>
  <testcase name="testCreditCardCExpiryDateInPast[30]" classname="uk.ac.ed.inf.OrderValidatorTest" time="0.001"/>
  <testcase name="testCreditCardCExpiryDateInPast[31]" classname="uk.ac.ed.inf.OrderValidatorTest" time="0"/>
  <testcase name="testCreditCardCExpiryDateInPast[32]" classname="uk.ac.ed.inf.OrderValidatorTest" time="0.001"/>
  <testcase name="testCreditCardCExpiryDateInPast[33]" classname="uk.ac.ed.inf.OrderValidatorTest" time="0"/>
  <testcase name="testCreditCardCExpiryDateInPast[34]" classname="uk.ac.ed.inf.OrderValidatorTest" time="0.001"/>
  <testcase name="testCreditCardCExpiryDateInPast[35]" classname="uk.ac.ed.inf.OrderValidatorTest" time="0"/>
  <testcase name="testCreditCardCExpiryDateInPast[36]" classname="uk.ac.ed.inf.OrderValidatorTest" time="0"/>
  <testcase name="testCreditCardCExpiryDateInPast[37]" classname="uk.ac.ed.inf.OrderValidatorTest" time="0.001"/>
  <testcase name="testCreditCardCExpiryDateInPast[38]" classname="uk.ac.ed.inf.OrderValidatorTest" time="0"/>
  <testcase name="testCreditCardCExpiryDateInPast[39]" classname="uk.ac.ed.inf.OrderValidatorTest" time="0.001"/>
  <testcase name="testCreditCardCExpiryDateInPast[40]" classname="uk.ac.ed.inf.OrderValidatorTest" time="0"/>
  <testcase name="testCreditCardCExpiryDateInPast[41]" classname="uk.ac.ed.inf.OrderValidatorTest" time="0.001"/>
  <testcase name="testCreditCardCExpiryDateInPast[42]" classname="uk.ac.ed.inf.OrderValidatorTest" time="0"/>
  <testcase name="testCreditCardCExpiryDateInPast[43]" classname="uk.ac.ed.inf.OrderValidatorTest" time="0"/>
  <testcase name="testCreditCardCExpiryDateInPast[44]" classname="uk.ac.ed.inf.OrderValidatorTest" time="0.001"/>
  <testcase name="testCreditCardCExpiryDateInPast[45]" classname="uk.ac.ed.inf.OrderValidatorTest" time="0"/>
  <testcase name="testCreditCardCExpiryDateInPast[46]" classname="uk.ac.ed.inf.OrderValidatorTest" time="0.001"/>
  <testcase name="testCreditCardCExpiryDateInPast[47]" classname="uk.ac.ed.inf.OrderValidatorTest" time="0"/>
  <testcase name="testCreditCardCExpiryDateInPast[48]" classname="uk.ac.ed.inf.OrderValidatorTest" time="0.001"/>
  <testcase name="testCreditCardCExpiryDateInPast[49]" classname="uk.ac.ed.inf.OrderValidatorTest" time="0"/>
  <testcase name="testCreditCardCExpiryDateInPast[50]" classname="uk.ac.ed.inf.OrderValidatorTest" time="0"/>
  <testcase name="testCreditCardCExpiryDateInPast[51]" classname="uk.ac.ed.inf.OrderValidatorTest" time="0.001"/>
  <testcase name="testCreditCardCExpiryDateInPast[52]" classname="uk.ac.ed.inf.OrderValidatorTest" time="0"/>
  <testcase name="testCreditCardCExpiryDateInPast[53]" classname="uk.ac.ed.inf.OrderValidatorTest" time="0"/>
  <testcase name="testCreditCardCExpiryDateInPast[54]" classname="uk.ac.ed.inf.OrderValidatorTest" time="0.001"/>
  <testcase name="testCreditCardCExpiryDateInPast[55]" classname="uk.ac.ed.inf.OrderValidatorTest" time="0"/>
  <testcase name="testCreditCardCExpiryDateInPast[56]" classname="uk.ac.ed.inf.OrderValidatorTest" time="0"/>
  <testcase name="testCreditCardCExpiryDateInPast[57]" classname="uk.ac.ed.inf.OrderValidatorTest" time="0.001"/>
  <testcase name="testCreditCardCExpiryDateInPast[58]" classname="uk.ac.ed.inf.OrderValidatorTest" time="0"/>
  <testcase name="testCreditCardCExpiryDateInPast[59]" classname="uk.ac.ed.inf.OrderValidatorTest" time="0"/>
  <testcase name="testCreditCardCExpiryDateInPast[60]" classname="uk.ac.ed.inf.OrderValidatorTest" time="0.001"/>
  <testcase name="testCreditCardCExpiryDateInPast[61]" classname="uk.ac.ed.inf.OrderValidatorTest" time="0"/>
  <testcase name="testCreditCardCExpiryDateInPast[62]" classname="uk.ac.ed.inf.OrderValidatorTest" time="0"/>
  <testcase name="testCreditCardCExpiryDateInPast[63]" classname="uk.ac.ed.inf.OrderValidatorTest" time="0.001"/>
  <testcase name="testCreditCardCExpiryDateInPast[64]" classname="uk.ac.ed.inf.OrderValidatorTest" time="0"/>
  <testcase name="testCreditCardCExpiryDateInPast[65]" classname="uk.ac.ed.inf.OrderValidatorTest" time="0"/>
  <testcase name="testCreditCardCExpiryDateInPast[66]" classname="uk.ac.ed.inf.OrderValidatorTest" time="0.001"/>
  <testcase name="testCreditCardCExpiryDateInPast[67]" classname="uk.ac.ed.inf.OrderValidatorTest" time="0"/>
  <testcase name="testCreditCardCExpiryDateInPast[68]" classname="uk.ac.ed.inf.OrderValidatorTest" time="0"/>
  <testcase name="testCreditCardCExpiryDateInPast[69]" classname="uk.ac.ed.inf.OrderValidatorTest" time="0.001"/>
  <testcase name="testCreditCardCExpiryDateInPast[70]" classname="uk.ac.ed.inf.OrderValidatorTest" time="0"/>
  <testcase name="testCreditCardCExpiryDateInPast[71]" classname="uk.ac.ed.inf.OrderValidatorTest" time="0.001"/>
  <testcase name="testCreditCardCExpiryDateInPast[72]" classname="uk.ac.ed.inf.OrderValidatorTest" time="0"/>
  <testcase name="testCreditCardCExpiryDateInPast[73]" classname="uk.ac.ed.inf.OrderValidatorTest" time="0.001"/>
  <testcase name="testCreditCardCExpiryDateInPast[74]" classname="uk.ac.ed.inf.OrderValidatorTest" time="0"/>
  <testcase name="testCreditCardCExpiryDateInPast[75]" classname="uk.ac.ed.inf.OrderValidatorTest" time="0"/>
  <testcase name="testCreditCardCExpiryDateInPast[76]" classname="uk.ac.ed.inf.OrderValidatorTest" time="0.001"/>
  <testcase name="testCreditCardCExpiryDateInPast[77]" classname="uk.ac.ed.inf.OrderValidatorTest" time="0"/>
  <testcase name="testCreditCardCExpiryDateInPast[78]" classname="uk.ac.ed.inf.OrderValidatorTest" time="0"/>
  <testcase name="testCreditCardCExpiryDateInPast[79]" classname="uk.ac.ed.inf.OrderValidatorTest" time="0.001"/>
  <testcase name="testCreditCardCExpiryDateInPast[80]" classname="uk.ac.ed.inf.OrderValidatorTest" time="0"/>
  <testcase name="testCreditCardCExpiryDateInPast[81]" classname="uk.ac.ed.inf.OrderValidatorTest" time="0"/>
  <testcase name="testCreditCardCExpiryDateInPast[82]" classname="uk.ac.ed.inf.OrderValidatorTest" time="0.001"/>
  <testcase name="testCreditCardCExpiryDateInPast[83]" classname="uk.ac.ed.inf.OrderValidatorTest" time="0"/>
  <testcase name="testCreditCardCExpiryDateInPast[84]" classname="uk.ac.ed.inf.OrderValidatorTest" time="0"/>
  <testcase name="testCreditCardCExpiryDateInPast[85]" classname="uk.ac.ed.inf.OrderValidatorTest" time="0"/>
  <testcase name="testCreditCardCExpiryDateInPast[86]" classname="uk.ac.ed.inf.OrderValidatorTest" time="0"/>
  <testcase name="testCreditCardCExpiryDateInPast[87]" classname="uk.ac.ed.inf.OrderValidatorTest" time="0"/>
  <testcase name="testCreditCardCExpiryDateInPast[88]" classname="uk.ac.ed.inf.OrderValidatorTest" time="0"/>
  <testcase name="testCreditCardCExpiryDateInPast[89]" classname="uk.ac.ed.inf.OrderValidatorTest" time="0.001"/>
  <testcase name="testCreditCardCExpiryDateInPast[90]" classname="uk.ac.ed.inf.OrderValidatorTest" time="0"/>
  <testcase name="testCreditCardCExpiryDateInPast[91]" classname="uk.ac.ed.inf.OrderValidatorTest" time="0"/>
  <testcase name="testCreditCardCExpiryDateInPast[92]" classname="uk.ac.ed.inf.OrderValidatorTest" time="0.001"/>
  <testcase name="testCreditCardCExpiryDateInPast[93]" classname="uk.ac.ed.inf.OrderValidatorTest" time="0"/>
  <testcase name="testCreditCardCExpiryDateInPast[94]" classname="uk.ac.ed.inf.OrderValidatorTest" time="0"/>
  <testcase name="testCreditCardCExpiryDateInPast[95]" classname="uk.ac.ed.inf.OrderValidatorTest" time="0.001"/>
  <testcase name="testCreditCardCExpiryDateInPast[96]" classname="uk.ac.ed.inf.OrderValidatorTest" time="0"/>
  <testcase name="testCreditCardCExpiryDateInPast[97]" classname="uk.ac.ed.inf.OrderValidatorTest" time="0"/>
  <testcase name="testCreditCardCExpiryDateInPast[98]" classname="uk.ac.ed.inf.OrderValidatorTest" time="0.001"/>
  <testcase name="testCreditCardCExpiryDateInPast[99]" classname="uk.ac.ed.inf.OrderValidatorTest" time="0"/>
  <testcase name="testCreditCardCExpiryDateInPast[100]" classname="uk.ac.ed.inf.OrderValidatorTest" time="0"/>
  <testcase name="testCreditCardCExpiryDateInvalidDate[1]" classname="uk.ac.ed.inf.OrderValidatorTest" time="0.001"/>
  <testcase name="testCreditCardCExpiryDateInvalidDate[2]" classname="uk.ac.ed.inf.OrderValidatorTest" time="0"/>
  <testcase name="testCreditCardCExpiryDateInvalidDate[3]" classname="uk.ac.ed.inf.OrderValidatorTest" time="0.001"/>
  <testcase name="testCreditCardCExpiryDateInvalidDate[4]" classname="uk.ac.ed.inf.OrderValidatorTest" time="0"/>
  <testcase name="testCreditCardCExpiryDateInvalidDate[5]" classname="uk.ac.ed.inf.OrderValidatorTest" time="0"/>
  <testcase name="testCreditCardCExpiryDateInvalidDate[6]" classname="uk.ac.ed.inf.OrderValidatorTest" time="0.001"/>
  <testcase name="testCreditCardCExpiryDateInvalidDate[7]" classname="uk.ac.ed.inf.OrderValidatorTest" time="0"/>
  <testcase name="testCreditCardCExpiryDateInvalidDate[8]" classname="uk.ac.ed.inf.OrderValidatorTest" time="0"/>
  <testcase name="testCreditCardCExpiryDateInvalidDate[9]" classname="uk.ac.ed.inf.OrderValidatorTest" time="0.001"/>
  <testcase name="testCreditCardCExpiryDateInvalidDate[10]" classname="uk.ac.ed.inf.OrderValidatorTest" time="0"/>
  <testcase name="testCreditCardCExpiryDateInvalidDate[11]" classname="uk.ac.ed.inf.OrderValidatorTest" time="0"/>
  <testcase name="testCreditCardCExpiryDateInvalidDate[12]" classname="uk.ac.ed.inf.OrderValidatorTest" time="0.001"/>
  <testcase name="testCreditCardCExpiryDateInvalidDate[13]" classname="uk.ac.ed.inf.OrderValidatorTest" time="0"/>
  <testcase name="testCreditCardCExpiryDateInvalidDate[14]" classname="uk.ac.ed.inf.OrderValidatorTest" time="0"/>
  <testcase name="testCreditCardCExpiryDateInvalidDate[15]" classname="uk.ac.ed.inf.OrderValidatorTest" time="0.001"/>
  <testcase name="testCreditCardCExpiryDateInvalidDate[16]" classname="uk.ac.ed.inf.OrderValidatorTest" time="0"/>
  <testcase name="testCreditCardCExpiryDateInvalidDate[17]" classname="uk.ac.ed.inf.OrderValidatorTest" time="0.001"/>
  <testcase name="testCreditCardCExpiryDateInvalidDate[18]" classname="uk.ac.ed.inf.OrderValidatorTest" time="0"/>
  <testcase name="testCreditCardCExpiryDateInvalidDate[19]" classname="uk.ac.ed.inf.OrderValidatorTest" time="0"/>
  <testcase name="testCreditCardCExpiryDateInvalidDate[20]" classname="uk.ac.ed.inf.OrderValidatorTest" time="0.001"/>
  <testcase name="testCreditCardCExpiryDateInvalidDate[21]" classname="uk.ac.ed.inf.OrderValidatorTest" time="0"/>
  <testcase name="testCreditCardCExpiryDateInvalidDate[22]" classname="uk.ac.ed.inf.OrderValidatorTest" time="0.001"/>
  <testcase name="testCreditCardCExpiryDateInvalidDate[23]" classname="uk.ac.ed.inf.OrderValidatorTest" time="0"/>
  <testcase name="testCreditCardCExpiryDateInvalidDate[24]" classname="uk.ac.ed.inf.OrderValidatorTest" time="0"/>
  <testcase name="testCreditCardCExpiryDateInvalidDate[25]" classname="uk.ac.ed.inf.OrderValidatorTest" time="0.001"/>
  <testcase name="testCreditCardCExpiryDateInvalidDate[26]" classname="uk.ac.ed.inf.OrderValidatorTest" time="0"/>
  <testcase name="testCreditCardCExpiryDateInvalidDate[27]" classname="uk.ac.ed.inf.OrderValidatorTest" time="0.001"/>
  <testcase name="testCreditCardCExpiryDateInvalidDate[28]" classname="uk.ac.ed.inf.OrderValidatorTest" time="0"/>
[...]
  <testcase name="testCreditCardExpiryDateEmptyString[39]" classname="uk.ac.ed.inf.OrderValidatorTest" time="0"/>
  <testcase name="testCreditCardExpiryDateEmptyString[40]" classname="uk.ac.ed.inf.OrderValidatorTest" time="0"/>
  <testcase name="testCreditCardExpiryDateEmptyString[41]" classname="uk.ac.ed.inf.OrderValidatorTest" time="0.001"/>
  <testcase name="testCreditCardExpiryDateEmptyString[42]" classname="uk.ac.ed.inf.OrderValidatorTest" time="0"/>
  <testcase name="testCreditCardExpiryDateEmptyString[43]" classname="uk.ac.ed.inf.OrderValidatorTest" time="0"/>
  <testcase name="testCreditCardExpiryDateEmptyString[44]" classname="uk.ac.ed.inf.OrderValidatorTest" time="0.001"/>
  <testcase name="testCreditCardExpiryDateEmptyString[45]" classname="uk.ac.ed.inf.OrderValidatorTest" time="0"/>
  <testcase name="testCreditCardExpiryDateEmptyString[46]" classname="uk.ac.ed.inf.OrderValidatorTest" time="0"/>
  <testcase name="testCreditCardExpiryDateEmptyString[47]" classname="uk.ac.ed.inf.OrderValidatorTest" time="0"/>
  <testcase name="testCreditCardExpiryDateEmptyString[48]" classname="uk.ac.ed.inf.OrderValidatorTest" time="0.001"/>
  <testcase name="testCreditCardExpiryDateEmptyString[49]" classname="uk.ac.ed.inf.OrderValidatorTest" time="0"/>
  <testcase name="testCreditCardExpiryDateEmptyString[50]" classname="uk.ac.ed.inf.OrderValidatorTest" time="0"/>
  <testcase name="testCreditCardExpiryDateEmptyString[51]" classname="uk.ac.ed.inf.OrderValidatorTest" time="0.001"/>
  <testcase name="testCreditCardExpiryDateEmptyString[52]" classname="uk.ac.ed.inf.OrderValidatorTest" time="0"/>
  <testcase name="testCreditCardExpiryDateEmptyString[53]" classname="uk.ac.ed.inf.OrderValidatorTest" time="0"/>
  <testcase name="testCreditCardExpiryDateEmptyString[54]" classname="uk.ac.ed.inf.OrderValidatorTest" time="0"/>
  <testcase name="testCreditCardExpiryDateEmptyString[55]" classname="uk.ac.ed.inf.OrderValidatorTest" time="0.001"/>
  <testcase name="testCreditCardExpiryDateEmptyString[56]" classname="uk.ac.ed.inf.OrderValidatorTest" time="0"/>
  <testcase name="testCreditCardExpiryDateEmptyString[57]" classname="uk.ac.ed.inf.OrderValidatorTest" time="0"/>
  <testcase name="testCreditCardExpiryDateEmptyString[58]" classname="uk.ac.ed.inf.OrderValidatorTest" time="0.001"/>
  <testcase name="testCreditCardExpiryDateEmptyString[59]" classname="uk.ac.ed.inf.OrderValidatorTest" time="0"/>
  <testcase name="testCreditCardExpiryDateEmptyString[60]" classname="uk.ac.ed.inf.OrderValidatorTest" time="0"/>
  <testcase name="testCreditCardExpiryDateEmptyString[61]" classname="uk.ac.ed.inf.OrderValidatorTest" time="0.001"/>
  <testcase name="testCreditCardExpiryDateEmptyString[62]" classname="uk.ac.ed.inf.OrderValidatorTest" time="0"/>
  <testcase name="testCreditCardExpiryDateEmptyString[63]" classname="uk.ac.ed.inf.OrderValidatorTest" time="0"/>
  <testcase name="testCreditCardExpiryDateEmptyString[64]" classname="uk.ac.ed.inf.OrderValidatorTest" time="0.001"/>
  <testcase name="testCreditCardExpiryDateEmptyString[65]" classname="uk.ac.ed.inf.OrderValidatorTest" time="0"/>
  <testcase name="testCreditCardExpiryDateEmptyString[66]" classname="uk.ac.ed.inf.OrderValidatorTest" time="0"/>
  <testcase name="testCreditCardExpiryDateEmptyString[67]" classname="uk.ac.ed.inf.OrderValidatorTest" time="0"/>
  <testcase name="testCreditCardExpiryDateEmptyString[68]" classname="uk.ac.ed.inf.OrderValidatorTest" time="0.001"/>
  <testcase name="testCreditCardExpiryDateEmptyString[69]" classname="uk.ac.ed.inf.OrderValidatorTest" time="0"/>
  <testcase name="testCreditCardExpiryDateEmptyString[70]" classname="uk.ac.ed.inf.OrderValidatorTest" time="0"/>
  <testcase name="testCreditCardExpiryDateEmptyString[71]" classname="uk.ac.ed.inf.OrderValidatorTest" time="0.001"/>
  <testcase name="testCreditCardExpiryDateEmptyString[72]" classname="uk.ac.ed.inf.OrderValidatorTest" time="0"/>
  <testcase name="testCreditCardExpiryDateEmptyString[73]" classname="uk.ac.ed.inf.OrderValidatorTest" time="0"/>
  <testcase name="testCreditCardExpiryDateEmptyString[74]" classname="uk.ac.ed.inf.OrderValidatorTest" time="0.001"/>
  <testcase name="testCreditCardExpiryDateEmptyString[75]" classname="uk.ac.ed.inf.OrderValidatorTest" time="0"/>
  <testcase name="testCreditCardExpiryDateEmptyString[76]" classname="uk.ac.ed.inf.OrderValidatorTest" time="0"/>
  <testcase name="testCreditCardExpiryDateEmptyString[77]" classname="uk.ac.ed.inf.OrderValidatorTest" time="0.001"/>
  <testcase name="testCreditCardExpiryDateEmptyString[78]" classname="uk.ac.ed.inf.OrderValidatorTest" time="0"/>
  <testcase name="testCreditCardExpiryDateEmptyString[79]" classname="uk.ac.ed.inf.OrderValidatorTest" time="0"/>
  <testcase name="testCreditCardExpiryDateEmptyString[80]" classname="uk.ac.ed.inf.OrderValidatorTest" time="0.001"/>
  <testcase name="testCreditCardExpiryDateEmptyString[81]" classname="uk.ac.ed.inf.OrderValidatorTest" time="0"/>
  <testcase name="testCreditCardExpiryDateEmptyString[82]" classname="uk.ac.ed.inf.OrderValidatorTest" time="0"/>
  <testcase name="testCreditCardExpiryDateEmptyString[83]" classname="uk.ac.ed.inf.OrderValidatorTest" time="0"/>
  <testcase name="testCreditCardExpiryDateEmptyString[84]" classname="uk.ac.ed.inf.OrderValidatorTest" time="0.001"/>
  <testcase name="testCreditCardExpiryDateEmptyString[85]" classname="uk.ac.ed.inf.OrderValidatorTest" time="0"/>
  <testcase name="testCreditCardExpiryDateEmptyString[86]" classname="uk.ac.ed.inf.OrderValidatorTest" time="0"/>
  <testcase name="testCreditCardExpiryDateEmptyString[87]" classname="uk.ac.ed.inf.OrderValidatorTest" time="0.001"/>
  <testcase name="testCreditCardExpiryDateEmptyString[88]" classname="uk.ac.ed.inf.OrderValidatorTest" time="0"/>
  <testcase name="testCreditCardExpiryDateEmptyString[89]" classname="uk.ac.ed.inf.OrderValidatorTest" time="0"/>
  <testcase name="testCreditCardExpiryDateEmptyString[90]" classname="uk.ac.ed.inf.OrderValidatorTest" time="0"/>
  <testcase name="testCreditCardExpiryDateEmptyString[91]" classname="uk.ac.ed.inf.OrderValidatorTest" time="0.001"/>
  <testcase name="testCreditCardExpiryDateEmptyString[92]" classname="uk.ac.ed.inf.OrderValidatorTest" time="0"/>
  <testcase name="testCreditCardExpiryDateEmptyString[93]" classname="uk.ac.ed.inf.OrderValidatorTest" time="0"/>
  <testcase name="testCreditCardExpiryDateEmptyString[94]" classname="uk.ac.ed.inf.OrderValidatorTest" time="0.001"/>
  <testcase name="testCreditCardExpiryDateEmptyString[95]" classname="uk.ac.ed.inf.OrderValidatorTest" time="0"/>
  <testcase name="testCreditCardExpiryDateEmptyString[96]" classname="uk.ac.ed.inf.OrderValidatorTest" time="0"/>
  <testcase name="testCreditCardExpiryDateEmptyString[97]" classname="uk.ac.ed.inf.OrderValidatorTest" time="0.001"/>
  <testcase name="testCreditCardExpiryDateEmptyString[98]" classname="uk.ac.ed.inf.OrderValidatorTest" time="0"/>
  <testcase name="testCreditCardExpiryDateEmptyString[99]" classname="uk.ac.ed.inf.OrderValidatorTest" time="0"/>
  <testcase name="testCreditCardExpiryDateEmptyString[100]" classname="uk.ac.ed.inf.OrderValidatorTest" time="0"/>
  <testcase name="testCreditCardCExpiryDate4NumbersRandomSeparator[1]" classname="uk.ac.ed.inf.OrderValidatorTest" time="0.001"/>
  <testcase name="testCreditCardCExpiryDate4NumbersRandomSeparator[2]" classname="uk.ac.ed.inf.OrderValidatorTest" time="0"/>
  <testcase name="testCreditCardCExpiryDate4NumbersRandomSeparator[3]" classname="uk.ac.ed.inf.OrderValidatorTest" time="0"/>
  <testcase name="testCreditCardCExpiryDate4NumbersRandomSeparator[4]" classname="uk.ac.ed.inf.OrderValidatorTest" time="0.001"/>
  <testcase name="testCreditCardCExpiryDate4NumbersRandomSeparator[5]" classname="uk.ac.ed.inf.OrderValidatorTest" time="0"/>
  <testcase name="testCreditCardCExpiryDate4NumbersRandomSeparator[6]" classname="uk.ac.ed.inf.OrderValidatorTest" time="0"/>
  <testcase name="testCreditCardCExpiryDate4NumbersRandomSeparator[7]" classname="uk.ac.ed.inf.OrderValidatorTest" time="0.001"/>
  <testcase name="testCreditCardCExpiryDate4NumbersRandomSeparator[8]" classname="uk.ac.ed.inf.OrderValidatorTest" time="0"/>
  <testcase name="testCreditCardCExpiryDate4NumbersRandomSeparator[9]" classname="uk.ac.ed.inf.OrderValidatorTest" time="0"/>
  <testcase name="testCreditCardCExpiryDate4NumbersRandomSeparator[10]" classname="uk.ac.ed.inf.OrderValidatorTest" time="0"/>
  <testcase name="testCreditCardCExpiryDate4NumbersRandomSeparator[11]" classname="uk.ac.ed.inf.OrderValidatorTest" time="0.001"/>
  <testcase name="testCreditCardCExpiryDate4NumbersRandomSeparator[12]" classname="uk.ac.ed.inf.OrderValidatorTest" time="0"/>
  <testcase name="testCreditCardCExpiryDate4NumbersRandomSeparator[13]" classname="uk.ac.ed.inf.OrderValidatorTest" time="0.001"/>
  <testcase name="testCreditCardCExpiryDate4NumbersRandomSeparator[14]" classname="uk.ac.ed.inf.OrderValidatorTest" time="0"/>
  <testcase name="testCreditCardCExpiryDate4NumbersRandomSeparator[15]" classname="uk.ac.ed.inf.OrderValidatorTest" time="0"/>
  <testcase name="testCreditCardCExpiryDate4NumbersRandomSeparator[16]" classname="uk.ac.ed.inf.OrderValidatorTest" time="0"/>
  <testcase name="testCreditCardCExpiryDate4NumbersRandomSeparator[17]" classname="uk.ac.ed.inf.OrderValidatorTest" time="0.001"/>
  <testcase name="testCreditCardCExpiryDate4NumbersRandomSeparator[18]" classname="uk.ac.ed.inf.OrderValidatorTest" time="0"/>
  <testcase name="testCreditCardCExpiryDate4NumbersRandomSeparator[19]" classname="uk.ac.ed.inf.OrderValidatorTest" time="0"/>
  <testcase name="testCreditCardCExpiryDate4NumbersRandomSeparator[20]" classname="uk.ac.ed.inf.OrderValidatorTest" time="0.001"/>
  <testcase name="testCreditCardCExpiryDate4NumbersRandomSeparator[21]" classname="uk.ac.ed.inf.OrderValidatorTest" time="0"/>
  <testcase name="testCreditCardCExpiryDate4NumbersRandomSeparator[22]" classname="uk.ac.ed.inf.OrderValidatorTest" time="0"/>
  <testcase name="testCreditCardCExpiryDate4NumbersRandomSeparator[23]" classname="uk.ac.ed.inf.OrderValidatorTest" time="0.001"/>
  <testcase name="testCreditCardCExpiryDate4NumbersRandomSeparator[24]" classname="uk.ac.ed.inf.OrderValidatorTest" time="0"/>
  <testcase name="testCreditCardCExpiryDate4NumbersRandomSeparator[25]" classname="uk.ac.ed.inf.OrderValidatorTest" time="0"/>
  <testcase name="testCreditCardCExpiryDate4NumbersRandomSeparator[26]" classname="uk.ac.ed.inf.OrderValidatorTest" time="0.001"/>
  <testcase name="testCreditCardCExpiryDate4NumbersRandomSeparator[27]" classname="uk.ac.ed.inf.OrderValidatorTest" time="0"/>
  <testcase name="testCreditCardCExpiryDate4NumbersRandomSeparator[28]" classname="uk.ac.ed.inf.OrderValidatorTest" time="0"/>
  <testcase name="testCreditCardCExpiryDate4NumbersRandomSeparator[29]" classname="uk.ac.ed.inf.OrderValidatorTest" time="0.001"/>
  <testcase name="testCreditCardCExpiryDate4NumbersRandomSeparator[30]" classname="uk.ac.ed.inf.OrderValidatorTest" time="0"/>
  <testcase name="testCreditCardCExpiryDate4NumbersRandomSeparator[31]" classname="uk.ac.ed.inf.OrderValidatorTest" time="0"/>
  <testcase name="testCreditCardCExpiryDate4NumbersRandomSeparator[32]" classname="uk.ac.ed.inf.OrderValidatorTest" time="0.001"/>
  <testcase name="testCreditCardCExpiryDate4NumbersRandomSeparator[33]" classname="uk.ac.ed.inf.OrderValidatorTest" time="0"/>
  <testcase name="testCreditCardCExpiryDate4NumbersRandomSeparator[34]" classname="uk.ac.ed.inf.OrderValidatorTest" time="0"/>
  <testcase name="testCreditCardCExpiryDate4NumbersRandomSeparator[35]" classname="uk.ac.ed.inf.OrderValidatorTest" time="0.001"/>
  <testcase name="testCreditCardCExpiryDate4NumbersRandomSeparator[36]" classname="uk.ac.ed.inf.OrderValidatorTest" time="0"/>
  <testcase name="testCreditCardCExpiryDate4NumbersRandomSeparator[37]" classname="uk.ac.ed.inf.OrderValidatorTest" time="0"/>
  <testcase name="testCreditCardCExpiryDate4NumbersRandomSeparator[38]" classname="uk.ac.ed.inf.OrderValidatorTest" time="0"/>
  <testcase name="testCreditCardCExpiryDate4NumbersRandomSeparator[39]" classname="uk.ac.ed.inf.OrderValidatorTest" time="0.001"/>
  <testcase name="testCreditCardCExpiryDate4NumbersRandomSeparator[40]" classname="uk.ac.ed.inf.OrderValidatorTest" time="0"/>
  <testcase name="testCreditCardCExpiryDate4NumbersRandomSeparator[41]" classname="uk.ac.ed.inf.OrderValidatorTest" time="0"/>
  <testcase name="testCreditCardCExpiryDate4NumbersRandomSeparator[42]" classname="uk.ac.ed.inf.OrderValidatorTest" time="0.001"/>
  <testcase name="testCreditCardCExpiryDate4NumbersRandomSeparator[43]" classname="uk.ac.ed.inf.OrderValidatorTest" time="0"/>
  <testcase name="testCreditCardCExpiryDate4NumbersRandomSeparator[44]" classname="uk.ac.ed.inf.OrderValidatorTest" time="0"/>
  <testcase name="testCreditCardCExpiryDate4NumbersRandomSeparator[45]" classname="uk.ac.ed.inf.OrderValidatorTest" time="0.001"/>
  <testcase name="testCreditCardCExpiryDate4NumbersRandomSeparator[46]" classname="uk.ac.ed.inf.OrderValidatorTest" time="0"/>
  <testcase name="testCreditCardCExpiryDate4NumbersRandomSeparator[47]" classname="uk.ac.ed.inf.OrderValidatorTest" time="0"/>
  <testcase name="testCreditCardCExpiryDate4NumbersRandomSeparator[48]" classname="uk.ac.ed.inf.OrderValidatorTest" time="0.001"/>
  <testcase name="testCreditCardCExpiryDate4NumbersRandomSeparator[49]" classname="uk.ac.ed.inf.OrderValidatorTest" time="0"/>
  <testcase name="testCreditCardCExpiryDate4NumbersRandomSeparator[50]" classname="uk.ac.ed.inf.OrderValidatorTest" time="0"/>
  <testcase name="testCreditCardCExpiryDate4NumbersRandomSeparator[51]" classname="uk.ac.ed.inf.OrderValidatorTest" time="0"/>
  <testcase name="testCreditCardCExpiryDate4NumbersRandomSeparator[52]" classname="uk.ac.ed.inf.OrderValidatorTest" time="0.001"/>
  <testcase name="testCreditCardCExpiryDate4NumbersRandomSeparator[53]" classname="uk.ac.ed.inf.OrderValidatorTest" time="0"/>
  <testcase name="testCreditCardCExpiryDate4NumbersRandomSeparator[54]" classname="uk.ac.ed.inf.OrderValidatorTest" time="0"/>
  <testcase name="testCreditCardCExpiryDate4NumbersRandomSeparator[55]" classname="uk.ac.ed.inf.OrderValidatorTest" time="0.001"/>
  <testcase name="testCreditCardCExpiryDate4NumbersRandomSeparator[56]" classname="uk.ac.ed.inf.OrderValidatorTest" time="0"/>
  <testcase name="testCreditCardCExpiryDate4NumbersRandomSeparator[57]" classname="uk.ac.ed.inf.OrderValidatorTest" time="0"/>
  <testcase name="testCreditCardCExpiryDate4NumbersRandomSeparator[58]" classname="uk.ac.ed.inf.OrderValidatorTest" time="0.001"/>
  <testcase name="testCreditCardCExpiryDate4NumbersRandomSeparator[59]" classname="uk.ac.ed.inf.OrderValidatorTest" time="0"/>
  <testcase name="testCreditCardCExpiryDate4NumbersRandomSeparator[60]" classname="uk.ac.ed.inf.OrderValidatorTest" time="0"/>
  <testcase name="testCreditCardCExpiryDate4NumbersRandomSeparator[61]" classname="uk.ac.ed.inf.OrderValidatorTest" time="0"/>
  <testcase name="testCreditCardCExpiryDate4NumbersRandomSeparator[62]" classname="uk.ac.ed.inf.OrderValidatorTest" time="0"/>
  <testcase name="testCreditCardCExpiryDate4NumbersRandomSeparator[63]" classname="uk.ac.ed.inf.OrderValidatorTest" time="0"/>
  <testcase name="testCreditCardCExpiryDate4NumbersRandomSeparator[64]" classname="uk.ac.ed.inf.OrderValidatorTest" time="0.001"/>
  <testcase name="testCreditCardCExpiryDate4NumbersRandomSeparator[65]" classname="uk.ac.ed.inf.OrderValidatorTest" time="0"/>
  <testcase name="testCreditCardCExpiryDate4NumbersRandomSeparator[66]" classname="uk.ac.ed.inf.OrderValidatorTest" time="0"/>
  <testcase name="testCreditCardCExpiryDate4NumbersRandomSeparator[67]" classname="uk.ac.ed.inf.OrderValidatorTest" time="0"/>
  <testcase name="testCreditCardCExpiryDate4NumbersRandomSeparator[68]" classname="uk.ac.ed.inf.OrderValidatorTest" time="0.001"/>
  <testcase name="testCreditCardCExpiryDate4NumbersRandomSeparator[69]" classname="uk.ac.ed.inf.OrderValidatorTest" time="0"/>
  <testcase name="testCreditCardCExpiryDate4NumbersRandomSeparator[70]" classname="uk.ac.ed.inf.OrderValidatorTest" time="0"/>
  <testcase name="testCreditCardCExpiryDate4NumbersRandomSeparator[71]" classname="uk.ac.ed.inf.OrderValidatorTest" time="0.001"/>
  <testcase name="testCreditCardCExpiryDate4NumbersRandomSeparator[72]" classname="uk.ac.ed.inf.OrderValidatorTest" time="0"/>
  <testcase name="testCreditCardCExpiryDate4NumbersRandomSeparator[73]" classname="uk.ac.ed.inf.OrderValidatorTest" time="0"/>
  <testcase name="testCreditCardCExpiryDate4NumbersRandomSeparator[74]" classname="uk.ac.ed.inf.OrderValidatorTest" time="0.001"/>
  <testcase name="testCreditCardCExpiryDate4NumbersRandomSeparator[75]" classname="uk.ac.ed.inf.OrderValidatorTest" time="0"/>
  <testcase name="testCreditCardCExpiryDate4NumbersRandomSeparator[76]" classname="uk.ac.ed.inf.OrderValidatorTest" time="0"/>
  <testcase name="testCreditCardCExpiryDate4NumbersRandomSeparator[77]" classname="uk.ac.ed.inf.OrderValidatorTest" time="0.001"/>
  <testcase name="testCreditCardCExpiryDate4NumbersRandomSeparator[78]" classname="uk.ac.ed.inf.OrderValidatorTest" time="0"/>
  <testcase name="testCreditCardCExpiryDate4NumbersRandomSeparator[79]" classname="uk.ac.ed.inf.OrderValidatorTest" time="0"/>
  <testcase name="testCreditCardCExpiryDate4NumbersRandomSeparator[80]" classname="uk.ac.ed.inf.OrderValidatorTest" time="0"/>
  <testcase name="testCreditCardCExpiryDate4NumbersRandomSeparator[81]" classname="uk.ac.ed.inf.OrderValidatorTest" time="0.001"/>
  <testcase name="testCreditCardCExpiryDate4NumbersRandomSeparator[82]" classname="uk.ac.ed.inf.OrderValidatorTest" time="0"/>
  <testcase name="testCreditCardCExpiryDate4NumbersRandomSeparator[83]" classname="uk.ac.ed.inf.OrderValidatorTest" time="0"/>
  <testcase name="testCreditCardCExpiryDate4NumbersRandomSeparator[84]" classname="uk.ac.ed.inf.OrderValidatorTest" time="0.001"/>
  <testcase name="testCreditCardCExpiryDate4NumbersRandomSeparator[85]" classname="uk.ac.ed.inf.OrderValidatorTest" time="0"/>
  <testcase name="testCreditCardCExpiryDate4NumbersRandomSeparator[86]" classname="uk.ac.ed.inf.OrderValidatorTest" time="0"/>
  <testcase name="testCreditCardCExpiryDate4NumbersRandomSeparator[87]" classname="uk.ac.ed.inf.OrderValidatorTest" time="0"/>
  <testcase name="testCreditCardCExpiryDate4NumbersRandomSeparator[88]" classname="uk.ac.ed.inf.OrderValidatorTest" time="0.001"/>
  <testcase name="testCreditCardCExpiryDate4NumbersRandomSeparator[89]" classname="uk.ac.ed.inf.OrderValidatorTest" time="0"/>
  <testcase name="testCreditCardCExpiryDate4NumbersRandomSeparator[90]" classname="uk.ac.ed.inf.OrderValidatorTest" time="0"/>
  <testcase name="testCreditCardCExpiryDate4NumbersRandomSeparator[91]" classname="uk.ac.ed.inf.OrderValidatorTest" time="0.001"/>
  <testcase name="testCreditCardCExpiryDate4NumbersRandomSeparator[92]" classname="uk.ac.ed.inf.OrderValidatorTest" time="0"/>
  <testcase name="testCreditCardCExpiryDate4NumbersRandomSeparator[93]" classname="uk.ac.ed.inf.OrderValidatorTest" time="0"/>
  <testcase name="testCreditCardCExpiryDate4NumbersRandomSeparator[94]" classname="uk.ac.ed.inf.OrderValidatorTest" time="0.001"/>
  <testcase name="testCreditCardCExpiryDate4NumbersRandomSeparator[95]" classname="uk.ac.ed.inf.OrderValidatorTest" time="0"/>
  <testcase name="testCreditCardCExpiryDate4NumbersRandomSeparator[96]" classname="uk.ac.ed.inf.OrderValidatorTest" time="0"/>
  <testcase name="testCreditCardCExpiryDate4NumbersRandomSeparator[97]" classname="uk.ac.ed.inf.OrderValidatorTest" time="0"/>
  <testcase name="testCreditCardCExpiryDate4NumbersRandomSeparator[98]" classname="uk.ac.ed.inf.OrderValidatorTest" time="0.001"/>
  <testcase name="testCreditCardCExpiryDate4NumbersRandomSeparator[99]" classname="uk.ac.ed.inf.OrderValidatorTest" time="0"/>
  <testcase name="testCreditCardCExpiryDate4NumbersRandomSeparator[100]" classname="uk.ac.ed.inf.OrderValidatorTest" time="0"/>
</testsuite>